#
# A fatal error has been detected by the Java Runtime Environment:
#
#  SIGSEGV (0xb) at pc=0x00007fc0a8fceaf4, pid=52849, tid=52890
#
# JRE version: OpenJDK Runtime Environment Corretto-19.0.2.7.1 (19.0.2+7) (build 19.0.2+7-FR)
# Java VM: OpenJDK 64-Bit Server VM Corretto-19.0.2.7.1 (19.0.2+7-FR, mixed mode, sharing, tiered, compressed oops, compressed class ptrs, g1 gc, linux-amd64)
# Problematic frame:
# V  [libjvm.so+0x7ceaf4]  G1ParScanThreadState::trim_queue_to_threshold(unsigned int)+0xef4
#
# Core dump will be written. Default location: Core dumps may be processed with "/usr/lib/systemd/systemd-coredump %P %u %g %s %t %c %h" (or dumping to /home/gamrekeli/IdeaProjects/OctopusENS/core.52849)
#
# If you would like to submit a bug report, please visit:
#   https://github.com/corretto/corretto-19/issues/
#

---------------  S U M M A R Y ------------

Command Line: -javaagent:/home/gamrekeli/Загрузки/ideaIC-2023.2.1/idea-IC-232.9559.62/lib/idea_rt.jar=44779:/home/gamrekeli/Загрузки/ideaIC-2023.2.1/idea-IC-232.9559.62/bin -Dfile.encoding=UTF-8 -Dsun.stdout.encoding=UTF-8 -Dsun.stderr.encoding=UTF-8 ru.gamrekeli.notificationservice.NotificationServiceApplication

Host: AMD Ryzen 5 3500U with Radeon Vega Mobile Gfx, 16 cores, 14G, Fedora release 38 (Thirty Eight)
Time: Thu Nov  2 02:28:19 2023 MSK elapsed time: 4.280278 seconds (0d 0h 0m 4s)

---------------  T H R E A D  ---------------

Current thread (0x00007fc060013090):  WorkerThread "GC Thread#7" [stack: 0x00007fc050ef6000,0x00007fc050ff6000] [id=52890]

Stack: [0x00007fc050ef6000,0x00007fc050ff6000],  sp=0x00007fc050ff49c0,  free space=1018k
Native frames: (J=compiled Java code, j=interpreted, Vv=VM code, C=native code)
V  [libjvm.so+0x7ceaf4]  G1ParScanThreadState::trim_queue_to_threshold(unsigned int)+0xef4
V  [libjvm.so+0x7f1ec2]  G1ParCopyClosure<(G1Barrier)1, false>::do_oop(oopDesc**)+0xd2
V  [libjvm.so+0x5d4d0a]  ClassLoaderData::oops_do(OopClosure*, int, bool)+0x8a
V  [libjvm.so+0x7ca94b]  G1CLDScanClosure::do_cld(ClassLoaderData*)+0x3b
V  [libjvm.so+0x5d99f9]  ClassLoaderDataGraph::roots_cld_do(CLDClosure*, CLDClosure*)+0x39
V  [libjvm.so+0x7f345f]  G1RootProcessor::process_java_roots(G1RootClosures*, G1GCPhaseTimes*, unsigned int)+0xbf
V  [libjvm.so+0x7f3aff]  G1RootProcessor::evacuate_roots(G1ParScanThreadState*, unsigned int)+0x6f
V  [libjvm.so+0x807532]  G1EvacuateRegionsTask::scan_roots(G1ParScanThreadState*, unsigned int)+0x22
V  [libjvm.so+0x80778e]  G1EvacuateRegionsBaseTask::work(unsigned int)+0x7e
V  [libjvm.so+0x1013193]  WorkerThread::run()+0x83
V  [libjvm.so+0xf5ee9d]  Thread::call_run()+0x6d
V  [libjvm.so+0xce2e88]  thread_native_entry(Thread*)+0xd8
C  [libc.so.6+0x8c947]  start_thread+0x2f7


siginfo: si_signo: 11 (SIGSEGV), si_code: 1 (SEGV_MAPERR), si_addr: 0x0000000000000100

Registers:
RAX=0x0000000000000000, RBX=0x00000007185fd551, RCX=0x0000000000000000, RDX=0x0000000000000001
RSP=0x00007fc050ff49c0, RBP=0x00007fc050ff4a70, RSI=0x000000071995b478, RDI=0x0000000800000000
R8 =0x00000007185fd540, R9 =0x0000000000000000, R10=0x00007fc0a9e4bf10, R11=0x0000000000000000
R12=0x000000071995b478, R13=0x00007fc0a9e4bf10, R14=0xffffffff01372e38, R15=0x00007fc018000d90
RIP=0x00007fc0a8fceaf4, EFLAGS=0x0000000000010246, CSGSFS=0x002b000000000033, ERR=0x0000000000000004
  TRAPNO=0x000000000000000e


Register to memory mapping:

RAX=0x0 is NULL
RBX=0x00000007185fd551 is pointing into object: [Lsun.security.x509.AVA; 
{0x00000007185fd540} - klass: 'sun/security/x509/AVA'[]
 - length: 1
RCX=0x0 is NULL
RDX=0x0000000000000001 is an unknown value
RSP=0x00007fc050ff49c0 points into unknown readable memory: 0x0000000000000001 | 01 00 00 00 00 00 00 00
RBP=0x00007fc050ff4a70 points into unknown readable memory: 0x00007fc050ff4ac0 | c0 4a ff 50 c0 7f 00 00
RSI=0x000000071995b478 is pointing into object: sun.security.util.ObjectIdentifier 
{0x000000071995b470} - klass: 'sun/security/util/ObjectIdentifier'
 - ---- fields (total size 4 words):
 - private 'componentLen' 'I' @12  -1 (ffffffff)
 - private transient 'componentsCalculated' 'Z' @16  false
 - private 'encoding' '[B' @20  [B{0x000000071995b490} (e332b692)
 - private volatile transient 'stringForm' 'Ljava/lang/String;' @24  NULL (0)
 - private 'components' 'Ljava/lang/Object;' @28  NULL (0)
RDI=0x0000000800000000 is pointing into metadata
R8 =0x00000007185fd540 is an oop: [Lsun.security.x509.AVA; 
{0x00000007185fd540} - klass: 'sun/security/x509/AVA'[]
 - length: 1
R9 =0x0 is NULL
R10=0x00007fc0a9e4bf10: <offset 0x000000000164bf10> in /home/gamrekeli/.jdks/corretto-19.0.2/lib/server/libjvm.so at 0x00007fc0a8800000
R11=0x0 is NULL
R12=0x000000071995b478 is pointing into object: sun.security.util.ObjectIdentifier 
{0x000000071995b470} - klass: 'sun/security/util/ObjectIdentifier'
 - ---- fields (total size 4 words):
 - private 'componentLen' 'I' @12  -1 (ffffffff)
 - private transient 'componentsCalculated' 'Z' @16  false
 - private 'encoding' '[B' @20  [B{0x000000071995b490} (e332b692)
 - private volatile transient 'stringForm' 'Ljava/lang/String;' @24  NULL (0)
 - private 'components' 'Ljava/lang/Object;' @28  NULL (0)
R13=0x00007fc0a9e4bf10: <offset 0x000000000164bf10> in /home/gamrekeli/.jdks/corretto-19.0.2/lib/server/libjvm.so at 0x00007fc0a8800000
R14=0xffffffff01372e38 is an unknown value
R15=0x00007fc018000d90 points into unknown readable memory: 0x00007fc0a9d86a20 | 20 6a d8 a9 c0 7f 00 00


Top of Stack: (sp=0x00007fc050ff49c0)
0x00007fc050ff49c0:   0000000000000001 00007fc0a9e4bf10
0x00007fc050ff49d0:   00007fc0a9e4bf10 00000007185fd3e0
0x00007fc050ff49e0:   00007fc0a9e4bf10 0000000700000000
0x00007fc050ff49f0:   00000007185fd501 0000000800000000 

Instructions: (pc=0x00007fc0a8fceaf4)
0x00007fc0a8fce9f4:   49 8b 7f 10 48 8b 97 b8 02 00 00 48 85 d2 0f 85
0x00007fc0a8fcea04:   20 f2 ff ff 48 81 c4 88 00 00 00 5b 41 5c 41 5d
0x00007fc0a8fcea14:   41 5e 41 5f 5d c3 66 0f 1f 44 00 00 44 8b 8d 78
0x00007fc0a8fcea24:   ff ff ff 44 8b 45 80 48 8d 75 a6 4c 89 e9 4c 89
0x00007fc0a8fcea34:   e2 4c 89 ff 4c 89 95 60 ff ff ff 44 88 9d 68 ff
0x00007fc0a8fcea44:   ff ff e8 95 d9 ff ff 48 85 c0 49 89 c1 49 89 c0
0x00007fc0a8fcea54:   44 0f b6 9d 68 ff ff ff 4c 8b 95 60 ff ff ff 0f
0x00007fc0a8fcea64:   85 2d f4 ff ff 4c 89 f2 4c 89 e6 4c 89 e9 4c 89
0x00007fc0a8fcea74:   ff 4c 89 55 90 e8 32 e1 ff ff 4c 8b 55 90 49 89
0x00007fc0a8fcea84:   c0 4c 8d 25 88 68 ec 00 49 8b 02 41 8b 52 08 e9
0x00007fc0a8fcea94:   28 f5 ff ff 0f 1f 84 00 00 00 00 00 49 83 e6 fc
0x00007fc0a8fceaa4:   4c 8d 25 69 68 ec 00 4d 89 f0 e9 0d f5 ff ff 0f
0x00007fc0a8fceab4:   1f 44 00 00 49 8b 7c 24 08 0f b6 16 48 89 7d 88
0x00007fc0a8fceac4:   48 8b 75 88 8b 4e 08 83 f9 00 0f 8f 0f f3 ff ff
0x00007fc0a8fcead4:   0f 85 be 08 00 00 48 8b 06 48 89 f7 4c 89 95 70
0x00007fc0a8fceae4:   ff ff ff 44 88 9d 78 ff ff ff 88 55 80 4c 89 e6
0x00007fc0a8fceaf4:   ff 90 00 01 00 00 4c 8b 95 70 ff ff ff 49 89 c5
0x00007fc0a8fceb04:   44 0f b6 9d 78 ff ff ff 0f b6 55 80 e9 dd f2 ff
0x00007fc0a8fceb14:   ff 0f 1f 00 49 8b 47 08 4c 89 e2 49 8b 77 70 c7
0x00007fc0a8fceb24:   45 80 00 00 00 00 8b 88 48 02 00 00 48 8b 80 38
0x00007fc0a8fceb34:   02 00 00 48 d3 ea 48 8d 04 d0 ba 00 01 00 00 66
0x00007fc0a8fceb44:   89 55 a6 4c 8b 18 41 8b 83 a8 00 00 00 89 85 78
0x00007fc0a8fceb54:   ff ff ff 48 8b 46 18 48 8b 10 e9 2a f6 ff ff 0f
0x00007fc0a8fceb64:   1f 44 00 00 49 8d bc 24 80 02 00 00 89 75 80 e8
0x00007fc0a8fceb74:   28 6e 00 00 b8 01 00 00 00 31 d2 8b 75 80 e9 e3
0x00007fc0a8fceb84:   f8 ff ff 66 0f 1f 84 00 00 00 00 00 48 81 c7 80
0x00007fc0a8fceb94:   02 00 00 e8 34 84 00 00 e9 ab f0 ff ff 0f 1f 80
0x00007fc0a8fceba4:   00 00 00 00 80 fa 01 49 8d 54 36 10 4d 63 ed 48
0x00007fc0a8fcebb4:   19 c9 48 98 83 e1 04 4a 8d 1c ea 48 8d 04 c2 49
0x00007fc0a8fcebc4:   63 4c 0e 0c 48 39 da 48 0f 47 da 4c 8d 24 ca 49
0x00007fc0a8fcebd4:   39 c4 4c 0f 43 e0 49 39 dc 0f 86 3d f4 ff ff 45
0x00007fc0a8fcebe4:   31 ed e9 83 00 00 00 0f 1f 44 00 00 42 0f 18 0c 


Stack slot to memory mapping:
stack at sp + 0 slots: 0x0000000000000001 is an unknown value
stack at sp + 1 slots: 0x00007fc0a9e4bf10: <offset 0x000000000164bf10> in /home/gamrekeli/.jdks/corretto-19.0.2/lib/server/libjvm.so at 0x00007fc0a8800000
stack at sp + 2 slots: 0x00007fc0a9e4bf10: <offset 0x000000000164bf10> in /home/gamrekeli/.jdks/corretto-19.0.2/lib/server/libjvm.so at 0x00007fc0a8800000
stack at sp + 3 slots: 0x00000007185fd3e0 is an oop: sun.security.x509.X500Name 
{0x00000007185fd3e0} - klass: 'sun/security/x509/X500Name'
 - ---- fields (total size 6 words):
 - private 'dn' 'Ljava/lang/String;' @12  NULL (0)
 - private 'rfc1779Dn' 'Ljava/lang/String;' @16  NULL (0)
 - private 'rfc2253Dn' 'Ljava/lang/String;' @20  NULL (0)
 - private 'canonicalDn' 'Ljava/lang/String;' @24  NULL (0)
 - private 'names' '[Lsun/security/x509/RDN;' @28  a 'sun/security/x509/RDN'[4] {0x00000007185fd410} (e30bfa82)
 - private 'x500Principal' 'Ljavax/security/auth/x500/X500Principal;' @32  NULL (0)
 - private 'encoded' '[B' @36  NULL (0)
 - private volatile 'rdnList' 'Ljava/util/List;' @40  NULL (0)
 - private volatile 'allAvaList' 'Ljava/util/List;' @44  NULL (0)
stack at sp + 4 slots: 0x00007fc0a9e4bf10: <offset 0x000000000164bf10> in /home/gamrekeli/.jdks/corretto-19.0.2/lib/server/libjvm.so at 0x00007fc0a8800000
stack at sp + 5 slots: 0x0000000700000000 is an unknown value
stack at sp + 6 slots: 0x00000007185fd501 is pointing into object: sun.security.util.DerInputStream 
{0x00000007185fd500} - klass: 'sun/security/util/DerInputStream'
 - ---- fields (total size 5 words):
 - final 'start' 'I' @12  11 (b)
 - final 'end' 'I' @16  27 (1b)
 - 'pos' 'I' @20  11 (b)
 - 'mark' 'I' @24  11 (b)
 - final 'allowBER' 'Z' @28  true
 - final 'data' '[B' @32  [B{0x00000007185fd4d0} (e30bfa9a)
stack at sp + 7 slots: 0x0000000800000000 is pointing into metadata


---------------  P R O C E S S  ---------------

Threads class SMR info:
_java_thread_list=0x00007fc000028d80, length=14, elements={
0x00007fc0a402b700, 0x00007fc0a41618f0, 0x00007fc0a4162cb0, 0x00007fc0a41642f0,
0x00007fc0a4165770, 0x00007fc0a4166be0, 0x00007fc0a41685f0, 0x00007fc0a4169b80,
0x00007fc0a4173040, 0x00007fc0a4180190, 0x00007fc0340ca960, 0x00007fc0a45d6ac0,
0x00007fc0a4646570, 0x00007fc044001010
}

Java Threads: ( => current thread )
  0x00007fc0a402b700 JavaThread "main" [_thread_blocked, id=52850, stack(0x00007fc0a9f22000,0x00007fc0aa022000)]
  0x00007fc0a41618f0 JavaThread "Reference Handler" daemon [_thread_blocked, id=52857, stack(0x00007fc080500000,0x00007fc080600000)]
  0x00007fc0a4162cb0 JavaThread "Finalizer" daemon [_thread_blocked, id=52858, stack(0x00007fc080400000,0x00007fc080500000)]
  0x00007fc0a41642f0 JavaThread "Signal Dispatcher" daemon [_thread_blocked, id=52859, stack(0x00007fc080300000,0x00007fc080400000)]
  0x00007fc0a4165770 JavaThread "Service Thread" daemon [_thread_blocked, id=52860, stack(0x00007fc080200000,0x00007fc080300000)]
  0x00007fc0a4166be0 JavaThread "Monitor Deflation Thread" daemon [_thread_blocked, id=52861, stack(0x00007fc080100000,0x00007fc080200000)]
  0x00007fc0a41685f0 JavaThread "C2 CompilerThread0" daemon [_thread_in_native, id=52862, stack(0x00007fc080000000,0x00007fc080100000)]
  0x00007fc0a4169b80 JavaThread "C1 CompilerThread0" daemon [_thread_blocked, id=52863, stack(0x00007fc052900000,0x00007fc052a00000)]
  0x00007fc0a4173040 JavaThread "Sweeper thread" daemon [_thread_blocked, id=52864, stack(0x00007fc052800000,0x00007fc052900000)]
  0x00007fc0a4180190 JavaThread "Common-Cleaner" daemon [_thread_blocked, id=52865, stack(0x00007fc052700000,0x00007fc052800000)]
  0x00007fc0340ca960 JavaThread "C2 CompilerThread1" daemon [_thread_blocked, id=52866, stack(0x00007fc052300000,0x00007fc052400000)]
  0x00007fc0a45d6ac0 JavaThread "Monitor Ctrl-Break" daemon [_thread_in_native, id=52868, stack(0x00007fc051f00000,0x00007fc052000000)]
  0x00007fc0a4646570 JavaThread "Notification Thread" daemon [_thread_blocked, id=52869, stack(0x00007fc051b00000,0x00007fc051c00000)]
  0x00007fc044001010 JavaThread "Attach Listener" daemon [_thread_blocked, id=52886, stack(0x00007fc0511fa000,0x00007fc0512fa000)]

Other Threads:
  0x00007fc0a41599b0 VMThread "VM Thread" [stack: 0x00007fc0809a7000,0x00007fc080aa7000] [id=52856]
  0x00007fc0a402e190 WatcherThread "VM Periodic Task Thread" [stack: 0x00007fc051a00000,0x00007fc051b00000] [id=52870]
  0x00007fc0a4095e20 WorkerThread "GC Thread#0" [stack: 0x00007fc0836b9000,0x00007fc0837b9000] [id=52851]
  0x00007fc060007880 WorkerThread "GC Thread#1" [stack: 0x00007fc0518fe000,0x00007fc0519fe000] [id=52872]
  0x00007fc0600082c0 WorkerThread "GC Thread#2" [stack: 0x00007fc051500000,0x00007fc051600000] [id=52873]
  0x00007fc060008d00 WorkerThread "GC Thread#3" [stack: 0x00007fc0513fe000,0x00007fc0514fe000] [id=52874]
  0x00007fc060009740 WorkerThread "GC Thread#4" [stack: 0x00007fc0512fc000,0x00007fc0513fc000] [id=52875]
  0x00007fc060011e90 WorkerThread "GC Thread#5" [stack: 0x00007fc0510fa000,0x00007fc0511fa000] [id=52888]
  0x00007fc060012640 WorkerThread "GC Thread#6" [stack: 0x00007fc050ff8000,0x00007fc0510f8000] [id=52889]
=>0x00007fc060013090 WorkerThread "GC Thread#7" [stack: 0x00007fc050ef6000,0x00007fc050ff6000] [id=52890]
  0x00007fc0a40a5d20 ConcurrentGCThread "G1 Main Marker" [stack: 0x00007fc0835b7000,0x00007fc0836b7000] [id=52852]
  0x00007fc0a40a6c40 WorkerThread "G1 Conc#0" [stack: 0x00007fc0834b5000,0x00007fc0835b5000] [id=52853]
  0x00007fc074000d90 WorkerThread "G1 Conc#1" [stack: 0x00007fc050cf4000,0x00007fc050df4000] [id=52895]
  0x00007fc0a402acc0 ConcurrentGCThread "G1 Refine#0" [stack: 0x00007fc080bab000,0x00007fc080cab000] [id=52854]
  0x00007fc0a412d720 ConcurrentGCThread "G1 Service" [stack: 0x00007fc080aa9000,0x00007fc080ba9000] [id=52855]

Threads with active compile tasks:
C2 CompilerThread0     4299 4308   !   4       org.springframework.beans.factory.support.DefaultListableBeanFactory::doGetBeanNamesForType (505 bytes)
C2 CompilerThread1     4299 4384   !   4       org.springframework.core.annotation.AnnotationsScanner::processMethodHierarchy (276 bytes)

VM state: at safepoint (normal execution)

VM Mutex/Monitor currently owned by a thread:  ([mutex/lock_event])
[0x00007fc0a4029d30] Threads_lock - owner thread: 0x00007fc0a41599b0
[0x00007fc0a4029de0] Heap_lock - owner thread: 0x00007fc0a402b700

Heap address: 0x0000000717200000, size: 3726 MB, Compressed Oops mode: Zero based, Oop shift amount: 3

CDS archive(s) mapped at: [0x0000000800000000-0x0000000800c4f000-0x0000000800c4f000), size 12906496, SharedBaseAddress: 0x0000000800000000, ArchiveRelocationMode: 0.
Compressed class space mapped at: 0x0000000801000000-0x0000000841000000, reserved size: 1073741824
Narrow klass base: 0x0000000800000000, Narrow klass shift: 0, Narrow klass range: 0x100000000

GC Precious Log:
 CardTable entry size: 512
 Card Set container configuration: InlinePtr #cards 4 size 8 Array Of Cards #cards 16 size 48 Howl #buckets 8 coarsen threshold 3686 Howl Bitmap #cards 512 size 80 coarsen threshold 460 Card regions per heap region 1 cards per card region 4096
 CPUs: 16 total, 8 available
 Memory: 14903M
 Large Page Support: Disabled
 NUMA Support: Disabled
 Compressed Oops: Enabled (Zero based)
 Heap Region Size: 2M
 Heap Min Capacity: 8M
 Heap Initial Capacity: 234M
 Heap Max Capacity: 3726M
 Pre-touch: Disabled
 Parallel Workers: 8
 Concurrent Workers: 2
 Concurrent Refinement Workers: 8
 Periodic GC: Disabled

Heap:
 garbage-first heap   total 75776K, used 40860K [0x0000000717200000, 0x0000000800000000)
  region size 2048K, 11 young (22528K), 2 survivors (4096K)
 Metaspace       used 35583K, committed 36096K, reserved 1114112K
  class space    used 4344K, committed 4608K, reserved 1048576K

Heap Regions: E=young(eden), S=young(survivor), O=old, HS=humongous(starts), HC=humongous(continues), CS=collection set, F=free, OA=open archive, CA=closed archive, TAMS=top-at-mark-start (previous, next)
|   0|0x0000000717200000, 0x0000000717400000, 0x0000000717400000|100%| O|  |TAMS 0x0000000717400000, 0x0000000717400000| Untracked 
|   1|0x0000000717400000, 0x0000000717600000, 0x0000000717600000|100%| O|  |TAMS 0x0000000717600000, 0x0000000717600000| Untracked 
|   2|0x0000000717600000, 0x0000000717800000, 0x0000000717800000|100%| O|  |TAMS 0x0000000717800000, 0x0000000717800000| Untracked 
|   3|0x0000000717800000, 0x00000007179e7ef0, 0x0000000717a00000| 95%| O|  |TAMS 0x0000000717800000, 0x0000000717800000| Untracked 
|   4|0x0000000717a00000, 0x0000000717c00000, 0x0000000717c00000|100%| O|  |TAMS 0x0000000717a00000, 0x0000000717c00000| Untracked 
|   5|0x0000000717c00000, 0x0000000717e00000, 0x0000000717e00000|100%| O|  |TAMS 0x0000000717c00000, 0x0000000717e00000| Untracked 
|   6|0x0000000717e00000, 0x0000000718000000, 0x0000000718000000|100%| O|  |TAMS 0x0000000717e00000, 0x0000000718000000| Untracked 
|   7|0x0000000718000000, 0x0000000718200000, 0x0000000718200000|100%| O|  |TAMS 0x0000000718000000, 0x0000000718200000| Untracked 
|   8|0x0000000718200000, 0x0000000718400000, 0x0000000718400000|100%| O|  |TAMS 0x0000000718200000, 0x0000000718400000| Untracked 
|   9|0x0000000718400000, 0x0000000718600000, 0x0000000718600000|100%| O|  |TAMS 0x0000000718400000, 0x00000007184d7e00| Untracked 
|  10|0x0000000718600000, 0x0000000718600000, 0x0000000718800000|  0%| F|  |TAMS 0x0000000718600000, 0x0000000718600000| Untracked 
|  11|0x0000000718800000, 0x0000000718800000, 0x0000000718a00000|  0%| F|  |TAMS 0x0000000718800000, 0x0000000718800000| Untracked 
|  12|0x0000000718a00000, 0x0000000718a00000, 0x0000000718c00000|  0%| F|  |TAMS 0x0000000718a00000, 0x0000000718a00000| Untracked 
|  13|0x0000000718c00000, 0x0000000718c00000, 0x0000000718e00000|  0%| F|  |TAMS 0x0000000718c00000, 0x0000000718c00000| Untracked 
|  14|0x0000000718e00000, 0x0000000718e00000, 0x0000000719000000|  0%| F|  |TAMS 0x0000000718e00000, 0x0000000718e00000| Untracked 
|  15|0x0000000719000000, 0x0000000719000000, 0x0000000719200000|  0%| F|  |TAMS 0x0000000719000000, 0x0000000719000000| Untracked 
|  16|0x0000000719200000, 0x0000000719200000, 0x0000000719400000|  0%| F|  |TAMS 0x0000000719200000, 0x0000000719200000| Untracked 
|  17|0x0000000719400000, 0x0000000719400000, 0x0000000719600000|  0%| F|  |TAMS 0x0000000719400000, 0x0000000719400000| Untracked 
|  18|0x0000000719600000, 0x0000000719793e30, 0x0000000719800000| 78%| E|CS|TAMS 0x0000000719600000, 0x0000000719793e30| Complete 
|  19|0x0000000719800000, 0x0000000719a00000, 0x0000000719a00000|100%| E|CS|TAMS 0x0000000719800000, 0x0000000719a00000| Complete 
|  20|0x0000000719a00000, 0x0000000719a00000, 0x0000000719c00000|  0%| F|  |TAMS 0x0000000719a00000, 0x0000000719a00000| Untracked 
|  21|0x0000000719c00000, 0x0000000719c00000, 0x0000000719e00000|  0%| F|  |TAMS 0x0000000719c00000, 0x0000000719c00000| Untracked 
|  22|0x0000000719e00000, 0x0000000719e00000, 0x000000071a000000|  0%| F|  |TAMS 0x0000000719e00000, 0x0000000719e00000| Untracked 
|  23|0x000000071a000000, 0x000000071a000000, 0x000000071a200000|  0%| F|  |TAMS 0x000000071a000000, 0x000000071a000000| Untracked 
|  24|0x000000071a200000, 0x000000071a249408, 0x000000071a400000| 14%| S|  |TAMS 0x000000071a200000, 0x000000071a200000| Complete 
|  25|0x000000071a400000, 0x000000071a600000, 0x000000071a600000|100%| S|  |TAMS 0x000000071a400000, 0x000000071a400000| Complete 
|  26|0x000000071a600000, 0x000000071a783620, 0x000000071a800000| 75%| E|CS|TAMS 0x000000071a600000, 0x000000071a783620| Complete 
|  27|0x000000071a800000, 0x000000071aa00000, 0x000000071aa00000|100%| E|CS|TAMS 0x000000071a800000, 0x000000071aa00000| Complete 
|  28|0x000000071aa00000, 0x000000071ac00000, 0x000000071ac00000|100%| E|CS|TAMS 0x000000071aa00000, 0x000000071ac00000| Complete 
|  29|0x000000071ac00000, 0x000000071ae00000, 0x000000071ae00000|100%| E|CS|TAMS 0x000000071ac00000, 0x000000071ae00000| Complete 
|  82|0x0000000721600000, 0x0000000721800000, 0x0000000721800000|100%| E|CS|TAMS 0x0000000721600000, 0x0000000721800000| Complete 
|  83|0x0000000721800000, 0x0000000721a00000, 0x0000000721a00000|100%| E|CS|TAMS 0x0000000721800000, 0x0000000721a00000| Complete 
|  84|0x0000000721a00000, 0x0000000721c00000, 0x0000000721c00000|100%| E|CS|TAMS 0x0000000721a00000, 0x0000000721c00000| Complete 
|  85|0x0000000721c00000, 0x0000000721e00000, 0x0000000721e00000|100%| E|CS|TAMS 0x0000000721c00000, 0x0000000721e00000| Complete 
| 116|0x0000000725a00000, 0x0000000725c00000, 0x0000000725c00000|100%| E|CS|TAMS 0x0000000725a00000, 0x0000000725c00000| Complete 
|1861|0x00000007ffc00000, 0x00000007ffd77000, 0x00000007ffe00000| 73%|OA|  |TAMS 0x00000007ffd77000, 0x00000007ffd77000| Untracked 
|1862|0x00000007ffe00000, 0x00000007ffe81000, 0x0000000800000000| 25%|CA|  |TAMS 0x00000007ffe00000, 0x00000007ffe00000| Untracked 

Card table byte_map: [0x00007fc08b370000,0x00007fc08bab7000] _byte_map_base: 0x00007fc087ab7000

Marking Bits (Prev, Next): (CMBitMap*) 0x00007fc0a40968f0, (CMBitMap*) 0x00007fc0a40968b0
 Prev Bits: [0x00007fc0837b9000, 0x00007fc0871f1000)
 Next Bits: [0x00007fc0871f1000, 0x00007fc08ac29000)

Polling page: 0x00007fc0aa56d000

Metaspace:

Usage:
  Non-class:     30,51 MB used.
      Class:      4,24 MB used.
       Both:     34,75 MB used.

Virtual space:
  Non-class space:       64,00 MB reserved,      30,75 MB ( 48%) committed,  1 nodes.
      Class space:        1,00 GB reserved,       4,50 MB ( <1%) committed,  1 nodes.
             Both:        1,06 GB reserved,      35,25 MB (  3%) committed. 

Chunk freelists:
   Non-Class:  896,00 KB
       Class:  3,36 MB
        Both:  4,23 MB

MaxMetaspaceSize: unlimited
CompressedClassSpaceSize: 1,00 GB
Initial GC threshold: 21,00 MB
Current GC threshold: 35,25 MB
CDS: on
MetaspaceReclaimPolicy: balanced
 - commit_granule_bytes: 65536.
 - commit_granule_words: 8192.
 - virtual_space_node_default_size: 8388608.
 - enlarge_chunks_in_place: 1.
 - new_chunks_are_fully_committed: 0.
 - uncommit_free_chunks: 1.
 - use_allocation_guard: 0.


Internal statistics:

num_allocs_failed_limit: 6.
num_arena_births: 704.
num_arena_deaths: 0.
num_vsnodes_births: 2.
num_vsnodes_deaths: 0.
num_space_committed: 564.
num_space_uncommitted: 0.
num_chunks_returned_to_freelist: 6.
num_chunks_taken_from_freelist: 1935.
num_chunk_merges: 6.
num_chunk_splits: 1324.
num_chunks_enlarged: 999.
num_inconsistent_stats: 0.

CodeHeap 'non-profiled nmethods': size=120028Kb used=2199Kb max_used=2199Kb free=117828Kb
 bounds [0x00007fc093ec9000, 0x00007fc094139000, 0x00007fc09b400000]
CodeHeap 'profiled nmethods': size=120028Kb used=9364Kb max_used=9364Kb free=110663Kb
 bounds [0x00007fc08c400000, 0x00007fc08cd30000, 0x00007fc093937000]
CodeHeap 'non-nmethods': size=5704Kb used=1316Kb max_used=1369Kb free=4387Kb
 bounds [0x00007fc093937000, 0x00007fc093ba7000, 0x00007fc093ec9000]
 total_blobs=5014 nmethods=4465 adapters=460
 compilation: enabled
              stopped_count=0, restarted_count=0
 full_count=0

Compilation events (20 events):
Event: 4,213 Thread 0x00007fc0a4169b80 4480       3       java.lang.reflect.Constructor::newInstanceWithCaller (51 bytes)
Event: 4,213 Thread 0x00007fc0a4169b80 nmethod 4480 0x00007fc08cd22090 code [0x00007fc08cd22260, 0x00007fc08cd22540]
Event: 4,213 Thread 0x00007fc0a4169b80 4464       3       java.util.AbstractList::listIterator (6 bytes)
Event: 4,213 Thread 0x00007fc0a4169b80 nmethod 4464 0x00007fc08cd22690 code [0x00007fc08cd22840, 0x00007fc08cd22a00]
Event: 4,213 Thread 0x00007fc0a4169b80 4470       1       org.springframework.asm.SymbolTable::getClassName (5 bytes)
Event: 4,213 Thread 0x00007fc0a4169b80 nmethod 4470 0x00007fc0940ee390 code [0x00007fc0940ee520, 0x00007fc0940ee5f0]
Event: 4,213 Thread 0x00007fc0a4169b80 4475       1       org.springframework.cglib.core.Local::getType (5 bytes)
Event: 4,213 Thread 0x00007fc0a4169b80 nmethod 4475 0x00007fc0940ee690 code [0x00007fc0940ee820, 0x00007fc0940ee8f0]
Event: 4,213 Thread 0x00007fc0a4169b80 4476       1       org.springframework.cglib.core.Local::getIndex (5 bytes)
Event: 4,213 Thread 0x00007fc0a4169b80 nmethod 4476 0x00007fc0940ee990 code [0x00007fc0940eeb20, 0x00007fc0940eebd0]
Event: 4,231 Thread 0x00007fc0a4169b80 4481   !   3       org.springframework.util.ReflectionUtils::doWithLocalFields (63 bytes)
Event: 4,232 Thread 0x00007fc0a4169b80 nmethod 4481 0x00007fc08cd22a90 code [0x00007fc08cd22c80, 0x00007fc08cd230d0]
Event: 4,245 Thread 0x00007fc0a4169b80 4486       3       java.util.Properties::load0 (249 bytes)
Event: 4,246 Thread 0x00007fc0a4169b80 nmethod 4486 0x00007fc08cd23310 code [0x00007fc08cd23560, 0x00007fc08cd23f60]
Event: 4,246 Thread 0x00007fc0a4169b80 4487       3       java.lang.String::lastIndexOf (10 bytes)
Event: 4,246 Thread 0x00007fc0a4169b80 nmethod 4487 0x00007fc08cd24290 code [0x00007fc08cd24440, 0x00007fc08cd24660]
Event: 4,246 Thread 0x00007fc0a4169b80 4488       3       java.lang.String::lastIndexOf (18 bytes)
Event: 4,246 Thread 0x00007fc0a4169b80 nmethod 4488 0x00007fc08cd24790 code [0x00007fc08cd24960, 0x00007fc08cd24c20]
Event: 4,266 Thread 0x00007fc0a4169b80 4490       3       java.lang.invoke.MethodHandleStatics::traceLambdaForm (96 bytes)
Event: 4,266 Thread 0x00007fc0a4169b80 nmethod 4490 0x00007fc08cd24d90 code [0x00007fc08cd24f40, 0x00007fc08cd25090]

GC Heap History (13 events):
Event: 0,629 GC heap before
{Heap before GC invocations=0 (full 0):
 garbage-first heap   total 243712K, used 22496K [0x0000000717200000, 0x0000000800000000)
  region size 2048K, 11 young (22528K), 0 survivors (0K)
 Metaspace       used 5021K, committed 5184K, reserved 1114112K
  class space    used 541K, committed 640K, reserved 1048576K
}
Event: 0,636 GC heap after
{Heap after GC invocations=1 (full 0):
 garbage-first heap   total 243712K, used 9665K [0x0000000717200000, 0x0000000800000000)
  region size 2048K, 2 young (4096K), 2 survivors (4096K)
 Metaspace       used 5021K, committed 5184K, reserved 1114112K
  class space    used 541K, committed 640K, reserved 1048576K
}
Event: 1,299 GC heap before
{Heap before GC invocations=1 (full 0):
 garbage-first heap   total 243712K, used 38337K [0x0000000717200000, 0x0000000800000000)
  region size 2048K, 16 young (32768K), 2 survivors (4096K)
 Metaspace       used 12410K, committed 12736K, reserved 1114112K
  class space    used 1386K, committed 1536K, reserved 1048576K
}
Event: 1,305 GC heap after
{Heap after GC invocations=2 (full 0):
 garbage-first heap   total 243712K, used 12282K [0x0000000717200000, 0x0000000800000000)
  region size 2048K, 2 young (4096K), 2 survivors (4096K)
 Metaspace       used 12410K, committed 12736K, reserved 1114112K
  class space    used 1386K, committed 1536K, reserved 1048576K
}
Event: 2,478 GC heap before
{Heap before GC invocations=2 (full 0):
 garbage-first heap   total 243712K, used 69626K [0x0000000717200000, 0x0000000800000000)
  region size 2048K, 31 young (63488K), 2 survivors (4096K)
 Metaspace       used 21223K, committed 21504K, reserved 1114112K
  class space    used 2492K, committed 2624K, reserved 1048576K
}
Event: 2,485 GC heap after
{Heap after GC invocations=3 (full 0):
 garbage-first heap   total 243712K, used 15907K [0x0000000717200000, 0x0000000800000000)
  region size 2048K, 4 young (8192K), 4 survivors (8192K)
 Metaspace       used 21223K, committed 21504K, reserved 1114112K
  class space    used 2492K, committed 2624K, reserved 1048576K
}
Event: 3,359 GC heap before
{Heap before GC invocations=4 (full 0):
 garbage-first heap   total 75776K, used 52771K [0x0000000717200000, 0x0000000800000000)
  region size 2048K, 22 young (45056K), 4 survivors (8192K)
 Metaspace       used 27153K, committed 27584K, reserved 1114112K
  class space    used 3272K, committed 3456K, reserved 1048576K
}
Event: 3,374 GC heap after
{Heap after GC invocations=5 (full 0):
 garbage-first heap   total 75776K, used 18857K [0x0000000717200000, 0x0000000800000000)
  region size 2048K, 2 young (4096K), 2 survivors (4096K)
 Metaspace       used 27153K, committed 27584K, reserved 1114112K
  class space    used 3272K, committed 3456K, reserved 1048576K
}
Event: 3,416 GC heap before
{Heap before GC invocations=5 (full 0):
 garbage-first heap   total 75776K, used 20905K [0x0000000717200000, 0x0000000800000000)
  region size 2048K, 3 young (6144K), 2 survivors (4096K)
 Metaspace       used 27475K, committed 27968K, reserved 1114112K
  class space    used 3341K, committed 3584K, reserved 1048576K
}
Event: 3,427 GC heap after
{Heap after GC invocations=6 (full 0):
 garbage-first heap   total 75776K, used 19988K [0x0000000717200000, 0x0000000800000000)
  region size 2048K, 1 young (2048K), 1 survivors (2048K)
 Metaspace       used 27475K, committed 27968K, reserved 1114112K
  class space    used 3341K, committed 3584K, reserved 1048576K
}
Event: 3,903 GC heap before
{Heap before GC invocations=6 (full 0):
 garbage-first heap   total 75776K, used 46612K [0x0000000717200000, 0x0000000800000000)
  region size 2048K, 15 young (30720K), 1 survivors (2048K)
 Metaspace       used 32855K, committed 33408K, reserved 1114112K
  class space    used 3940K, committed 4224K, reserved 1048576K
}
Event: 3,911 GC heap after
{Heap after GC invocations=7 (full 0):
 garbage-first heap   total 75776K, used 22927K [0x0000000717200000, 0x0000000800000000)
  region size 2048K, 2 young (4096K), 2 survivors (4096K)
 Metaspace       used 32855K, committed 33408K, reserved 1114112K
  class space    used 3940K, committed 4224K, reserved 1048576K
}
Event: 4,270 GC heap before
{Heap before GC invocations=7 (full 0):
 garbage-first heap   total 75776K, used 39311K [0x0000000717200000, 0x0000000800000000)
  region size 2048K, 11 young (22528K), 2 survivors (4096K)
 Metaspace       used 35583K, committed 36096K, reserved 1114112K
  class space    used 4344K, committed 4608K, reserved 1048576K
}

Dll operation events (12 events):
Event: 0,003 Loaded shared library /home/gamrekeli/.jdks/corretto-19.0.2/lib/libjava.so
Event: 0,015 Loaded shared library /home/gamrekeli/.jdks/corretto-19.0.2/lib/libjsvml.so
Event: 0,085 Loaded shared library /home/gamrekeli/.jdks/corretto-19.0.2/lib/libzip.so
Event: 0,087 Loaded shared library /home/gamrekeli/.jdks/corretto-19.0.2/lib/libinstrument.so
Event: 0,091 Loaded shared library /home/gamrekeli/.jdks/corretto-19.0.2/lib/libnio.so
Event: 0,094 Loaded shared library /home/gamrekeli/.jdks/corretto-19.0.2/lib/libzip.so
Event: 0,211 Loaded shared library /home/gamrekeli/.jdks/corretto-19.0.2/lib/libnet.so
Event: 0,219 Loaded shared library /home/gamrekeli/.jdks/corretto-19.0.2/lib/libextnet.so
Event: 0,253 Loaded shared library /home/gamrekeli/.jdks/corretto-19.0.2/lib/libjimage.so
Event: 3,227 Loaded shared library /home/gamrekeli/.jdks/corretto-19.0.2/lib/libverify.so
Event: 3,666 Loaded shared library /home/gamrekeli/.jdks/corretto-19.0.2/lib/libmanagement.so
Event: 3,667 Loaded shared library /home/gamrekeli/.jdks/corretto-19.0.2/lib/libmanagement_ext.so

Deoptimization events (20 events):
Event: 3,921 Thread 0x00007fc0a402b700 DEOPT PACKING pc=0x00007fc093fba0a4 sp=0x00007fc0aa017b90
Event: 3,921 Thread 0x00007fc0a402b700 DEOPT UNPACKING pc=0x00007fc09399d299 sp=0x00007fc0aa017af8 mode 2
Event: 3,947 Thread 0x00007fc0a402b700 Uncommon trap: trap_request=0xffffff45 fr.pc=0x00007fc0940a6284 relative=0x0000000000000504
Event: 3,947 Thread 0x00007fc0a402b700 Uncommon trap: reason=unstable_if action=reinterpret pc=0x00007fc0940a6284 method=java.util.Properties.load0(Ljava/util/Properties$LineReader;)V @ 79 c2
Event: 3,947 Thread 0x00007fc0a402b700 DEOPT PACKING pc=0x00007fc0940a6284 sp=0x00007fc0aa017e80
Event: 3,947 Thread 0x00007fc0a402b700 DEOPT UNPACKING pc=0x00007fc09399d299 sp=0x00007fc0aa017e28 mode 2
Event: 4,037 Thread 0x00007fc0a402b700 Uncommon trap: trap_request=0xffffff45 fr.pc=0x00007fc093fe1fb0 relative=0x00000000000004d0
Event: 4,037 Thread 0x00007fc0a402b700 Uncommon trap: reason=unstable_if action=reinterpret pc=0x00007fc093fe1fb0 method=org.springframework.util.ConcurrentReferenceHashMap$Segment.findInChain(Lorg/springframework/util/ConcurrentReferenceHashMap$Reference;Ljava/lang/Object;I)Lorg/springframewo
Event: 4,037 Thread 0x00007fc0a402b700 DEOPT PACKING pc=0x00007fc093fe1fb0 sp=0x00007fc0aa01c040
Event: 4,037 Thread 0x00007fc0a402b700 DEOPT UNPACKING pc=0x00007fc09399d299 sp=0x00007fc0aa01be68 mode 2
Event: 4,037 Thread 0x00007fc0a402b700 Uncommon trap: trap_request=0xffffff45 fr.pc=0x00007fc093fe32d4 relative=0x0000000000000474
Event: 4,037 Thread 0x00007fc0a402b700 Uncommon trap: reason=unstable_if action=reinterpret pc=0x00007fc093fe32d4 method=org.springframework.util.ConcurrentReferenceHashMap$Segment.findInChain(Lorg/springframework/util/ConcurrentReferenceHashMap$Reference;Ljava/lang/Object;I)Lorg/springframewo
Event: 4,037 Thread 0x00007fc0a402b700 DEOPT PACKING pc=0x00007fc093fe32d4 sp=0x00007fc0aa01bca0
Event: 4,038 Thread 0x00007fc0a402b700 DEOPT UNPACKING pc=0x00007fc09399d299 sp=0x00007fc0aa01bb58 mode 2
Event: 4,073 Thread 0x00007fc0a402b700 DEOPT PACKING pc=0x00007fc08ccab2b2 sp=0x00007fc0aa01b000
Event: 4,073 Thread 0x00007fc0a402b700 DEOPT UNPACKING pc=0x00007fc09399da2f sp=0x00007fc0aa01a530 mode 0
Event: 4,082 Thread 0x00007fc0a402b700 Uncommon trap: trap_request=0xffffff45 fr.pc=0x00007fc0940e7c50 relative=0x0000000000000770
Event: 4,082 Thread 0x00007fc0a402b700 Uncommon trap: reason=unstable_if action=reinterpret pc=0x00007fc0940e7c50 method=java.lang.PublicMethods$MethodList.filter([Ljava/lang/reflect/Method;Ljava/lang/String;[Ljava/lang/Class;Z)Ljava/lang/PublicMethods$MethodList; @ 43 c2
Event: 4,082 Thread 0x00007fc0a402b700 DEOPT PACKING pc=0x00007fc0940e7c50 sp=0x00007fc0aa01b6c0
Event: 4,082 Thread 0x00007fc0a402b700 DEOPT UNPACKING pc=0x00007fc09399d299 sp=0x00007fc0aa01b680 mode 2

Classes loaded (20 events):
Event: 4,196 Loading class jdk/internal/reflect/ClassFileAssembler
Event: 4,197 Loading class jdk/internal/reflect/ClassFileAssembler done
Event: 4,197 Loading class jdk/internal/reflect/UTF8
Event: 4,197 Loading class jdk/internal/reflect/UTF8 done
Event: 4,197 Loading class jdk/internal/reflect/Label
Event: 4,197 Loading class jdk/internal/reflect/Label done
Event: 4,197 Loading class jdk/internal/reflect/Label$PatchInfo
Event: 4,197 Loading class jdk/internal/reflect/Label$PatchInfo done
Event: 4,198 Loading class jdk/internal/reflect/MethodAccessorGenerator$1
Event: 4,198 Loading class jdk/internal/reflect/MethodAccessorGenerator$1 done
Event: 4,198 Loading class jdk/internal/reflect/ClassDefiner
Event: 4,198 Loading class jdk/internal/reflect/ClassDefiner done
Event: 4,198 Loading class jdk/internal/reflect/ClassDefiner$1
Event: 4,198 Loading class jdk/internal/reflect/ClassDefiner$1 done
Event: 4,198 Loading class jdk/internal/reflect/SerializationConstructorAccessorImpl
Event: 4,198 Loading class jdk/internal/reflect/SerializationConstructorAccessorImpl done
Event: 4,255 Loading class java/io/EOFException
Event: 4,255 Loading class java/io/EOFException done
Event: 4,266 Loading class java/nio/channels/CompletionHandler
Event: 4,266 Loading class java/nio/channels/CompletionHandler done

Classes unloaded (0 events):
No events

Classes redefined (0 events):
No events

Internal exceptions (20 events):
Event: 3,401 Thread 0x00007fc0a402b700 Exception <a 'java/lang/NoSuchMethodError'{0x0000000725b35ca0}: 'int java.lang.invoke.DirectMethodHandle$Holder.invokeSpecialIFC(java.lang.Object, java.lang.Object, java.lang.Object)'> (0x0000000725b35ca0) 
thrown [src/hotspot/share/interpreter/linkResolver.cpp, line 774]
Event: 3,402 Thread 0x00007fc0a402b700 Exception <a 'java/lang/NoSuchMethodError'{0x0000000725b43b38}: 'void java.lang.invoke.DirectMethodHandle$Holder.invokeStatic(java.lang.Object, int, java.lang.Object)'> (0x0000000725b43b38) 
thrown [src/hotspot/share/interpreter/linkResolver.cpp, line 774]
Event: 3,408 Thread 0x00007fc0a402b700 Exception <a 'java/lang/NoSuchMethodError'{0x0000000725b83f38}: 'void java.lang.invoke.DirectMethodHandle$Holder.invokeStatic(java.lang.Object, java.lang.Object, java.lang.Object, int, java.lang.Object)'> (0x0000000725b83f38) 
thrown [src/hotspot/share/interpreter/linkResolver.cpp, line 774]
Event: 3,409 Thread 0x00007fc0a402b700 Exception <a 'java/lang/NoSuchMethodError'{0x0000000725b8b3c0}: 'java.lang.Object java.lang.invoke.DirectMethodHandle$Holder.newInvokeSpecial(java.lang.Object, java.lang.Object, java.lang.Object, int)'> (0x0000000725b8b3c0) 
thrown [src/hotspot/share/interpreter/linkResolver.cpp, line 774]
Event: 3,409 Thread 0x00007fc0a402b700 Exception <a 'java/lang/NoSuchMethodError'{0x0000000725b8f4e0}: 'java.lang.Object java.lang.invoke.DirectMethodHandle$Holder.invokeSpecial(java.lang.Object, java.lang.Object, java.lang.Object, java.lang.Object, int)'> (0x0000000725b8f4e0) 
thrown [src/hotspot/share/interpreter/linkResolver.cpp, line 774]
Event: 3,410 Thread 0x00007fc0a402b700 Exception <a 'java/lang/NoSuchMethodError'{0x0000000725b92bf8}: 'java.lang.Object java.lang.invoke.Invokers$Holder.linkToTargetMethod(java.lang.Object, java.lang.Object, int, java.lang.Object)'> (0x0000000725b92bf8) 
thrown [src/hotspot/share/interpreter/linkResolver.cpp, line 774]
Event: 3,548 Thread 0x00007fc0a402b700 Exception <a 'java/lang/NoSuchMethodError'{0x00000007219ff7c8}: 'int java.lang.invoke.DirectMethodHandle$Holder.invokeVirtual(java.lang.Object, java.lang.Object, java.lang.Object, java.lang.Object)'> (0x00000007219ff7c8) 
thrown [src/hotspot/share/interpreter/linkResolver.cpp, line 774]
Event: 3,548 Thread 0x00007fc0a402b700 Exception <a 'java/lang/NoSuchMethodError'{0x0000000721603ca8}: 'int java.lang.invoke.DelegatingMethodHandle$Holder.reinvoke_L(java.lang.Object, java.lang.Object, java.lang.Object, java.lang.Object)'> (0x0000000721603ca8) 
thrown [src/hotspot/share/interpreter/linkResolver.cpp, line 774]
Event: 3,674 Thread 0x00007fc0a402b700 Exception <a 'java/io/FileNotFoundException'{0x000000071ab18f60}> (0x000000071ab18f60) 
thrown [src/hotspot/share/prims/jni.cpp, line 517]
Event: 3,699 Thread 0x00007fc0a402b700 Exception <a 'java/lang/NoSuchMethodError'{0x000000071a6984a8}: 'int java.lang.invoke.DirectMethodHandle$Holder.invokeInterface(java.lang.Object, java.lang.Object, java.lang.Object, java.lang.Object)'> (0x000000071a6984a8) 
thrown [src/hotspot/share/interpreter/linkResolver.cpp, line 774]
Event: 4,020 Thread 0x00007fc0a402b700 Exception <a 'java/lang/NoSuchMethodError'{0x0000000721b51458}: 'java.lang.Object java.lang.invoke.DirectMethodHandle$Holder.invokeVirtual(java.lang.Object, java.lang.Object, java.lang.Object, java.lang.Object, java.lang.Object, java.lang.Object, java.lang.Object, java.lang.Object, java.lang.Object)'> (0x0000000721b51458) 
thrown [src/hotspot/share/interpreter/linkResolver.cpp, line 774]
Event: 4,066 Thread 0x00007fc0a402b700 Exception <a 'java/lang/NoSuchMethodError'{0x000000072195c490}: 'java.lang.Object java.lang.invoke.DirectMethodHandle$Holder.invokeStaticInit(java.lang.Object, java.lang.Object, java.lang.Object, java.lang.Object)'> (0x000000072195c490) 
thrown [src/hotspot/share/interpreter/linkResolver.cpp, line 774]
Event: 4,068 Thread 0x00007fc0a402b700 Exception <a 'java/lang/IncompatibleClassChangeError'{0x000000072196bba8}: Found class java.lang.Object, but interface was expected> (0x000000072196bba8) 
thrown [src/hotspot/share/interpreter/linkResolver.cpp, line 841]
Event: 4,069 Thread 0x00007fc0a402b700 Exception <a 'java/lang/IncompatibleClassChangeError'{0x00000007219784b8}: Found class java.lang.Object, but interface was expected> (0x00000007219784b8) 
thrown [src/hotspot/share/interpreter/linkResolver.cpp, line 841]
Event: 4,072 Thread 0x00007fc0a402b700 Exception <a 'java/lang/IncompatibleClassChangeError'{0x00000007219a5218}: Found class java.lang.Object, but interface was expected> (0x00000007219a5218) 
thrown [src/hotspot/share/interpreter/linkResolver.cpp, line 841]
Event: 4,172 Thread 0x00007fc0a402b700 Exception <a 'java/lang/NoSuchMethodError'{0x000000071ab29ea0}: 'void java.lang.invoke.DirectMethodHandle$Holder.invokeInterface(java.lang.Object, java.lang.Object, int, java.lang.Object)'> (0x000000071ab29ea0) 
thrown [src/hotspot/share/interpreter/linkResolver.cpp, line 774]
Event: 4,172 Thread 0x00007fc0a402b700 Exception <a 'java/lang/NoSuchMethodError'{0x000000071ab2ddd0}: 'void java.lang.invoke.DelegatingMethodHandle$Holder.reinvoke_L(java.lang.Object, java.lang.Object, int, java.lang.Object)'> (0x000000071ab2ddd0) 
thrown [src/hotspot/share/interpreter/linkResolver.cpp, line 774]
Event: 4,189 Thread 0x00007fc0a402b700 Exception <a 'java/lang/NoSuchMethodError'{0x000000071a808578}: 'java.lang.Object java.lang.invoke.DirectMethodHandle$Holder.invokeStatic(java.lang.Object, java.lang.Object, int, java.lang.Object)'> (0x000000071a808578) 
thrown [src/hotspot/share/interpreter/linkResolver.cpp, line 774]
Event: 4,190 Thread 0x00007fc0a402b700 Exception <a 'java/lang/NoSuchMethodError'{0x000000071a80f610}: 'java.lang.Object java.lang.invoke.DirectMethodHandle$Holder.newInvokeSpecial(java.lang.Object, java.lang.Object, int)'> (0x000000071a80f610) 
thrown [src/hotspot/share/interpreter/linkResolver.cpp, line 774]
Event: 4,266 Thread 0x00007fc0a402b700 Exception <a 'java/lang/NoSuchMethodError'{0x000000071a753e48}: 'long java.lang.invoke.DirectMethodHandle$Holder.invokeVirtual(java.lang.Object, java.lang.Object)'> (0x000000071a753e48) 
thrown [src/hotspot/share/interpreter/linkResolver.cpp, line 774]

VM Operations (20 events):
Event: 3,427 Executing VM operation: G1CollectForAllocation done
Event: 3,480 Executing VM operation: HandshakeAllThreads
Event: 3,480 Executing VM operation: HandshakeAllThreads done
Event: 3,583 Executing VM operation: HandshakeAllThreads
Event: 3,583 Executing VM operation: HandshakeAllThreads done
Event: 3,586 Executing VM operation: HandshakeAllThreads
Event: 3,586 Executing VM operation: HandshakeAllThreads done
Event: 3,645 Executing VM operation: HandshakeAllThreads
Event: 3,645 Executing VM operation: HandshakeAllThreads done
Event: 3,822 Executing VM operation: HandshakeAllThreads
Event: 3,823 Executing VM operation: HandshakeAllThreads done
Event: 3,903 Executing VM operation: G1CollectForAllocation
Event: 3,911 Executing VM operation: G1CollectForAllocation done
Event: 4,199 Executing VM operation: HandshakeAllThreads
Event: 4,199 Executing VM operation: HandshakeAllThreads done
Event: 4,236 Executing VM operation: HandshakeAllThreads
Event: 4,236 Executing VM operation: HandshakeAllThreads done
Event: 4,237 Executing VM operation: HandshakeAllThreads
Event: 4,237 Executing VM operation: HandshakeAllThreads done
Event: 4,269 Executing VM operation: CollectForMetadataAllocation

Events (20 events):
Event: 0,024 Protecting memory [0x00007fc052800000,0x00007fc052804000] with protection modes 0
Event: 0,059 Thread 0x00007fc0a4180190 Thread added: 0x00007fc0a4180190
Event: 0,059 Protecting memory [0x00007fc052700000,0x00007fc052704000] with protection modes 0
Event: 0,100 Thread 0x00007fc0340ca960 Thread added: 0x00007fc0340ca960
Event: 0,100 Protecting memory [0x00007fc052300000,0x00007fc052304000] with protection modes 0
Event: 0,209 Thread 0x00007fc0a45d6ac0 Thread added: 0x00007fc0a45d6ac0
Event: 0,210 Protecting memory [0x00007fc051f00000,0x00007fc051f04000] with protection modes 0
Event: 0,210 Thread 0x00007fc0a4646570 Thread added: 0x00007fc0a4646570
Event: 0,210 Protecting memory [0x00007fc051b00000,0x00007fc051b04000] with protection modes 0
Event: 0,846 Thread 0x00007fc0a48d1b10 Thread added: 0x00007fc0a48d1b10
Event: 0,846 Protecting memory [0x00007fc0511fa000,0x00007fc0511fe000] with protection modes 0
Event: 0,853 Thread 0x00007fc0a48d1b10 Thread exited: 0x00007fc0a48d1b10
Event: 1,081 Thread 0x00007fc044001010 Thread added: 0x00007fc044001010
Event: 1,081 Protecting memory [0x00007fc0511fa000,0x00007fc0511fe000] with protection modes 0
Event: 1,670 Thread 0x00007fc0a4d62b80 Thread added: 0x00007fc0a4d62b80
Event: 1,670 Protecting memory [0x00007fc050df4000,0x00007fc050df8000] with protection modes 0
Event: 1,674 Thread 0x00007fc0a4d62b80 Thread exited: 0x00007fc0a4d62b80
Event: 1,988 Thread 0x00007fc0a4ef4b60 Thread added: 0x00007fc0a4ef4b60
Event: 1,988 Protecting memory [0x00007fc050df4000,0x00007fc050df8000] with protection modes 0
Event: 2,023 Thread 0x00007fc0a4ef4b60 Thread exited: 0x00007fc0a4ef4b60


Dynamic libraries:
717200000-71ae00000 rw-p 00000000 00:00 0 
71ae00000-721600000 ---p 00000000 00:00 0 
721600000-721e00000 rw-p 00000000 00:00 0 
721e00000-725a00000 ---p 00000000 00:00 0 
725a00000-725c00000 rw-p 00000000 00:00 0 
725c00000-7ffc00000 ---p 00000000 00:00 0 
7ffc00000-7ffd00000 rw-p 00000000 00:00 0 
7ffd00000-7ffd77000 rw-p 00d0a000 00:25 84102                            /home/gamrekeli/.jdks/corretto-19.0.2/lib/server/classes.jsa
7ffd77000-7ffe00000 rw-p 00000000 00:00 0 
7ffe00000-7ffe81000 rw-p 00c89000 00:25 84102                            /home/gamrekeli/.jdks/corretto-19.0.2/lib/server/classes.jsa
7ffe81000-800000000 rw-p 00000000 00:00 0 
800000000-800471000 rw-p 00001000 00:25 84102                            /home/gamrekeli/.jdks/corretto-19.0.2/lib/server/classes.jsa
800471000-800c4f000 r--p 00472000 00:25 84102                            /home/gamrekeli/.jdks/corretto-19.0.2/lib/server/classes.jsa
800c4f000-801000000 ---p 00000000 00:00 0 
801000000-801030000 rw-p 00000000 00:00 0 
801030000-8010b0000 rw-p 00000000 00:00 0 
8010b0000-8010f0000 rw-p 00000000 00:00 0 
8010f0000-801370000 rw-p 00000000 00:00 0 
801370000-801410000 rw-p 00000000 00:00 0 
801410000-801440000 ---p 00000000 00:00 0 
801440000-8014b0000 rw-p 00000000 00:00 0 
8014b0000-841000000 ---p 00000000 00:00 0 
55b616e00000-55b616e01000 r-xp 00000000 00:25 84203                      /home/gamrekeli/.jdks/corretto-19.0.2/bin/java
55b617001000-55b617002000 r--p 00001000 00:25 84203                      /home/gamrekeli/.jdks/corretto-19.0.2/bin/java
55b617002000-55b617003000 rw-p 00002000 00:25 84203                      /home/gamrekeli/.jdks/corretto-19.0.2/bin/java
55b617606000-55b617651000 rw-p 00000000 00:00 0                          [heap]
7fbffbd37000-7fbffc20f000 rw-p 00000000 00:00 0 
7fbffc20f000-7fc000000000 ---p 00000000 00:00 0 
7fc000000000-7fc00004b000 rw-p 00000000 00:00 0 
7fc00004b000-7fc004000000 ---p 00000000 00:00 0 
7fc004000000-7fc004021000 rw-p 00000000 00:00 0 
7fc004021000-7fc008000000 ---p 00000000 00:00 0 
7fc008000000-7fc008021000 rw-p 00000000 00:00 0 
7fc008021000-7fc00c000000 ---p 00000000 00:00 0 
7fc00c000000-7fc00c021000 rw-p 00000000 00:00 0 
7fc00c021000-7fc010000000 ---p 00000000 00:00 0 
7fc010000000-7fc010043000 rw-p 00000000 00:00 0 
7fc010043000-7fc014000000 ---p 00000000 00:00 0 
7fc014000000-7fc014021000 rw-p 00000000 00:00 0 
7fc014021000-7fc018000000 ---p 00000000 00:00 0 
7fc018000000-7fc018021000 rw-p 00000000 00:00 0 
7fc018021000-7fc01c000000 ---p 00000000 00:00 0 
7fc01c000000-7fc01c021000 rw-p 00000000 00:00 0 
7fc01c021000-7fc020000000 ---p 00000000 00:00 0 
7fc020000000-7fc020021000 rw-p 00000000 00:00 0 
7fc020021000-7fc024000000 ---p 00000000 00:00 0 
7fc024000000-7fc024021000 rw-p 00000000 00:00 0 
7fc024021000-7fc028000000 ---p 00000000 00:00 0 
7fc028000000-7fc028021000 rw-p 00000000 00:00 0 
7fc028021000-7fc02c000000 ---p 00000000 00:00 0 
7fc02c000000-7fc02c021000 rw-p 00000000 00:00 0 
7fc02c021000-7fc030000000 ---p 00000000 00:00 0 
7fc030000000-7fc0310d1000 rw-p 00000000 00:00 0 
7fc0310d1000-7fc034000000 ---p 00000000 00:00 0 
7fc034000000-7fc034668000 rw-p 00000000 00:00 0 
7fc034668000-7fc038000000 ---p 00000000 00:00 0 
7fc038000000-7fc038021000 rw-p 00000000 00:00 0 
7fc038021000-7fc03c000000 ---p 00000000 00:00 0 
7fc03c000000-7fc03c021000 rw-p 00000000 00:00 0 
7fc03c021000-7fc040000000 ---p 00000000 00:00 0 
7fc040000000-7fc0412cc000 rw-p 00000000 00:00 0 
7fc0412cc000-7fc044000000 ---p 00000000 00:00 0 
7fc044000000-7fc044021000 rw-p 00000000 00:00 0 
7fc044021000-7fc048000000 ---p 00000000 00:00 0 
7fc048000000-7fc048021000 rw-p 00000000 00:00 0 
7fc048021000-7fc04c000000 ---p 00000000 00:00 0 
7fc04c000000-7fc04c021000 rw-p 00000000 00:00 0 
7fc04c021000-7fc050000000 ---p 00000000 00:00 0 
7fc050200000-7fc050205000 r-xp 00000000 00:25 84134                      /home/gamrekeli/.jdks/corretto-19.0.2/lib/libmanagement_ext.so
7fc050205000-7fc050405000 ---p 00005000 00:25 84134                      /home/gamrekeli/.jdks/corretto-19.0.2/lib/libmanagement_ext.so
7fc050405000-7fc050406000 r--p 00005000 00:25 84134                      /home/gamrekeli/.jdks/corretto-19.0.2/lib/libmanagement_ext.so
7fc050406000-7fc050407000 rw-p 00000000 00:00 0 
7fc050600000-7fc050604000 r-xp 00000000 00:25 84119                      /home/gamrekeli/.jdks/corretto-19.0.2/lib/libmanagement.so
7fc050604000-7fc050803000 ---p 00004000 00:25 84119                      /home/gamrekeli/.jdks/corretto-19.0.2/lib/libmanagement.so
7fc050803000-7fc050804000 r--p 00003000 00:25 84119                      /home/gamrekeli/.jdks/corretto-19.0.2/lib/libmanagement.so
7fc050804000-7fc050805000 rw-p 00000000 00:00 0 
7fc050a00000-7fc050a0d000 r-xp 00000000 00:25 84092                      /home/gamrekeli/.jdks/corretto-19.0.2/lib/libverify.so
7fc050a0d000-7fc050c0c000 ---p 0000d000 00:25 84092                      /home/gamrekeli/.jdks/corretto-19.0.2/lib/libverify.so
7fc050c0c000-7fc050c0e000 r--p 0000c000 00:25 84092                      /home/gamrekeli/.jdks/corretto-19.0.2/lib/libverify.so
7fc050c0e000-7fc050c0f000 rw-p 00000000 00:00 0 
7fc050cf2000-7fc050cf3000 ---p 00000000 00:00 0 
7fc050cf3000-7fc050df4000 rw-p 00000000 00:00 0 
7fc050df4000-7fc050df8000 ---p 00000000 00:00 0 
7fc050df8000-7fc050ef4000 rw-p 00000000 00:00 0 
7fc050ef4000-7fc050ef5000 ---p 00000000 00:00 0 
7fc050ef5000-7fc050ff6000 rw-p 00000000 00:00 0 
7fc050ff6000-7fc050ff7000 ---p 00000000 00:00 0 
7fc050ff7000-7fc0510f8000 rw-p 00000000 00:00 0 
7fc0510f8000-7fc0510f9000 ---p 00000000 00:00 0 
7fc0510f9000-7fc0511fa000 rw-p 00000000 00:00 0 
7fc0511fa000-7fc0511fe000 ---p 00000000 00:00 0 
7fc0511fe000-7fc0512fa000 rw-p 00000000 00:00 0 
7fc0512fa000-7fc0512fb000 ---p 00000000 00:00 0 
7fc0512fb000-7fc0513fc000 rw-p 00000000 00:00 0 
7fc0513fc000-7fc0513fd000 ---p 00000000 00:00 0 
7fc0513fd000-7fc0514fe000 rw-p 00000000 00:00 0 
7fc0514fe000-7fc0514ff000 ---p 00000000 00:00 0 
7fc0514ff000-7fc051600000 rw-p 00000000 00:00 0 
7fc051600000-7fc051602000 r-xp 00000000 00:25 84136                      /home/gamrekeli/.jdks/corretto-19.0.2/lib/libextnet.so
7fc051602000-7fc051801000 ---p 00002000 00:25 84136                      /home/gamrekeli/.jdks/corretto-19.0.2/lib/libextnet.so
7fc051801000-7fc051802000 r--p 00001000 00:25 84136                      /home/gamrekeli/.jdks/corretto-19.0.2/lib/libextnet.so
7fc051802000-7fc051803000 rw-p 00000000 00:00 0 
7fc0518fc000-7fc0518fd000 ---p 00000000 00:00 0 
7fc0518fd000-7fc0519fe000 rw-p 00000000 00:00 0 
7fc0519fe000-7fc0519ff000 ---p 00000000 00:00 0 
7fc0519ff000-7fc051b00000 rw-p 00000000 00:00 0 
7fc051b00000-7fc051b04000 ---p 00000000 00:00 0 
7fc051b04000-7fc051c00000 rw-p 00000000 00:00 0 
7fc051c00000-7fc051c0d000 r-xp 00000000 00:25 84089                      /home/gamrekeli/.jdks/corretto-19.0.2/lib/libnet.so
7fc051c0d000-7fc051e0d000 ---p 0000d000 00:25 84089                      /home/gamrekeli/.jdks/corretto-19.0.2/lib/libnet.so
7fc051e0d000-7fc051e0e000 r--p 0000d000 00:25 84089                      /home/gamrekeli/.jdks/corretto-19.0.2/lib/libnet.so
7fc051e0e000-7fc051e0f000 rw-p 00000000 00:00 0 
7fc051f00000-7fc051f04000 ---p 00000000 00:00 0 
7fc051f04000-7fc052000000 rw-p 00000000 00:00 0 
7fc052000000-7fc052012000 r-xp 00000000 00:25 84090                      /home/gamrekeli/.jdks/corretto-19.0.2/lib/libnio.so
7fc052012000-7fc052211000 ---p 00012000 00:25 84090                      /home/gamrekeli/.jdks/corretto-19.0.2/lib/libnio.so
7fc052211000-7fc052212000 r--p 00011000 00:25 84090                      /home/gamrekeli/.jdks/corretto-19.0.2/lib/libnio.so
7fc052212000-7fc052213000 rw-p 00012000 00:25 84090                      /home/gamrekeli/.jdks/corretto-19.0.2/lib/libnio.so
7fc052300000-7fc052304000 ---p 00000000 00:00 0 
7fc052304000-7fc052400000 rw-p 00000000 00:00 0 
7fc052400000-7fc05241a000 r-xp 00000000 00:25 84093                      /home/gamrekeli/.jdks/corretto-19.0.2/lib/libzip.so
7fc05241a000-7fc05261a000 ---p 0001a000 00:25 84093                      /home/gamrekeli/.jdks/corretto-19.0.2/lib/libzip.so
7fc05261a000-7fc05261b000 r--p 0001a000 00:25 84093                      /home/gamrekeli/.jdks/corretto-19.0.2/lib/libzip.so
7fc05261b000-7fc05261c000 rw-p 00000000 00:00 0 
7fc052700000-7fc052704000 ---p 00000000 00:00 0 
7fc052704000-7fc052800000 rw-p 00000000 00:00 0 
7fc052800000-7fc052804000 ---p 00000000 00:00 0 
7fc052804000-7fc052900000 rw-p 00000000 00:00 0 
7fc052900000-7fc052904000 ---p 00000000 00:00 0 
7fc052904000-7fc052a00000 rw-p 00000000 00:00 0 
7fc052a00000-7fc05fff9000 r--p 00000000 00:25 661010                     /usr/lib/locale/locale-archive
7fc060000000-7fc060021000 rw-p 00000000 00:00 0 
7fc060021000-7fc064000000 ---p 00000000 00:00 0 
7fc064000000-7fc064021000 rw-p 00000000 00:00 0 
7fc064021000-7fc068000000 ---p 00000000 00:00 0 
7fc068000000-7fc0683f0000 rw-p 00000000 00:00 0 
7fc0683f0000-7fc068cf0000 rw-p 00000000 00:00 0 
7fc068cf0000-7fc068df0000 rw-p 00000000 00:00 0 
7fc068df0000-7fc0694f0000 rw-p 00000000 00:00 0 
7fc0694f0000-7fc0695f0000 rw-p 00000000 00:00 0 
7fc0695f0000-7fc069970000 rw-p 00000000 00:00 0 
7fc069970000-7fc0699f0000 rw-p 00000000 00:00 0 
7fc0699f0000-7fc069ad0000 rw-p 00000000 00:00 0 
7fc069ad0000-7fc069af0000 rw-p 00000000 00:00 0 
7fc069af0000-7fc069ca0000 rw-p 00000000 00:00 0 
7fc069ca0000-7fc069d00000 ---p 00000000 00:00 0 
7fc069d00000-7fc069f20000 rw-p 00000000 00:00 0 
7fc069f20000-7fc06c000000 ---p 00000000 00:00 0 
7fc06c000000-7fc06c021000 rw-p 00000000 00:00 0 
7fc06c021000-7fc070000000 ---p 00000000 00:00 0 
7fc070000000-7fc070021000 rw-p 00000000 00:00 0 
7fc070021000-7fc074000000 ---p 00000000 00:00 0 
7fc074000000-7fc074021000 rw-p 00000000 00:00 0 
7fc074021000-7fc078000000 ---p 00000000 00:00 0 
7fc078000000-7fc078021000 rw-p 00000000 00:00 0 
7fc078021000-7fc07c000000 ---p 00000000 00:00 0 
7fc07c000000-7fc07c021000 rw-p 00000000 00:00 0 
7fc07c021000-7fc080000000 ---p 00000000 00:00 0 
7fc080000000-7fc080004000 ---p 00000000 00:00 0 
7fc080004000-7fc080100000 rw-p 00000000 00:00 0 
7fc080100000-7fc080104000 ---p 00000000 00:00 0 
7fc080104000-7fc080200000 rw-p 00000000 00:00 0 
7fc080200000-7fc080204000 ---p 00000000 00:00 0 
7fc080204000-7fc080300000 rw-p 00000000 00:00 0 
7fc080300000-7fc080304000 ---p 00000000 00:00 0 
7fc080304000-7fc080400000 rw-p 00000000 00:00 0 
7fc080400000-7fc080404000 ---p 00000000 00:00 0 
7fc080404000-7fc080500000 rw-p 00000000 00:00 0 
7fc080500000-7fc080504000 ---p 00000000 00:00 0 
7fc080504000-7fc080600000 rw-p 00000000 00:00 0 
7fc080600000-7fc0806ce000 r-xp 00000000 00:25 84128                      /home/gamrekeli/.jdks/corretto-19.0.2/lib/libjsvml.so
7fc0806ce000-7fc0808cd000 ---p 000ce000 00:25 84128                      /home/gamrekeli/.jdks/corretto-19.0.2/lib/libjsvml.so
7fc0808cd000-7fc0808ce000 r--p 000cd000 00:25 84128                      /home/gamrekeli/.jdks/corretto-19.0.2/lib/libjsvml.so
7fc0808ce000-7fc0808cf000 rw-p 000ce000 00:25 84128                      /home/gamrekeli/.jdks/corretto-19.0.2/lib/libjsvml.so
7fc0809a5000-7fc0809a6000 ---p 00000000 00:00 0 
7fc0809a6000-7fc080aa7000 rw-p 00000000 00:00 0 
7fc080aa7000-7fc080aa8000 ---p 00000000 00:00 0 
7fc080aa8000-7fc080ba9000 rw-p 00000000 00:00 0 
7fc080ba9000-7fc080baa000 ---p 00000000 00:00 0 
7fc080baa000-7fc0834b3000 rw-p 00000000 00:00 0 
7fc0834b3000-7fc0834b4000 ---p 00000000 00:00 0 
7fc0834b4000-7fc0835b5000 rw-p 00000000 00:00 0 
7fc0835b5000-7fc0835b6000 ---p 00000000 00:00 0 
7fc0835b6000-7fc0836b7000 rw-p 00000000 00:00 0 
7fc0836b7000-7fc0836b8000 ---p 00000000 00:00 0 
7fc0836b8000-7fc0838a9000 rw-p 00000000 00:00 0 
7fc0838a9000-7fc083a49000 ---p 00000000 00:00 0 
7fc083a49000-7fc083a69000 rw-p 00000000 00:00 0 
7fc083a69000-7fc083b59000 ---p 00000000 00:00 0 
7fc083b59000-7fc083b61000 rw-p 00000000 00:00 0 
7fc083b61000-7fc0871e1000 ---p 00000000 00:00 0 
7fc0871e1000-7fc0872e1000 rw-p 00000000 00:00 0 
7fc0872e1000-7fc087481000 ---p 00000000 00:00 0 
7fc087481000-7fc0874a1000 rw-p 00000000 00:00 0 
7fc0874a1000-7fc087591000 ---p 00000000 00:00 0 
7fc087591000-7fc087599000 rw-p 00000000 00:00 0 
7fc087599000-7fc08ac19000 ---p 00000000 00:00 0 
7fc08ac19000-7fc08ac47000 rw-p 00000000 00:00 0 
7fc08ac47000-7fc08ac7b000 ---p 00000000 00:00 0 
7fc08ac7b000-7fc08ac7f000 rw-p 00000000 00:00 0 
7fc08ac7f000-7fc08ac9d000 ---p 00000000 00:00 0 
7fc08ac9d000-7fc08ac9e000 rw-p 00000000 00:00 0 
7fc08ac9e000-7fc08b36e000 ---p 00000000 00:00 0 
7fc08b36e000-7fc08b38e000 rw-p 00000000 00:00 0 
7fc08b38e000-7fc08b3c2000 ---p 00000000 00:00 0 
7fc08b3c2000-7fc08b3c6000 rw-p 00000000 00:00 0 
7fc08b3c6000-7fc08b3e4000 ---p 00000000 00:00 0 
7fc08b3e4000-7fc08b3e5000 rw-p 00000000 00:00 0 
7fc08b3e5000-7fc08bab5000 ---p 00000000 00:00 0 
7fc08bab5000-7fc08bad5000 rw-p 00000000 00:00 0 
7fc08bad5000-7fc08bb09000 ---p 00000000 00:00 0 
7fc08bb09000-7fc08bb0d000 rw-p 00000000 00:00 0 
7fc08bb0d000-7fc08bb2b000 ---p 00000000 00:00 0 
7fc08bb2b000-7fc08bb2c000 rw-p 00000000 00:00 0 
7fc08bb2c000-7fc08c1fc000 ---p 00000000 00:00 0 
7fc08c1fc000-7fc08c400000 rw-p 00000000 00:00 0 
7fc08c400000-7fc08cd30000 rwxp 00000000 00:00 0 
7fc08cd30000-7fc093937000 ---p 00000000 00:00 0 
7fc093937000-7fc093ba7000 rwxp 00000000 00:00 0 
7fc093ba7000-7fc093ec9000 ---p 00000000 00:00 0 
7fc093ec9000-7fc094139000 rwxp 00000000 00:00 0 
7fc094139000-7fc09b400000 ---p 00000000 00:00 0 
7fc09b400000-7fc09b425000 r-xp 00000000 00:25 84085                      /home/gamrekeli/.jdks/corretto-19.0.2/lib/libjava.so
7fc09b425000-7fc09b624000 ---p 00025000 00:25 84085                      /home/gamrekeli/.jdks/corretto-19.0.2/lib/libjava.so
7fc09b624000-7fc09b625000 r--p 00024000 00:25 84085                      /home/gamrekeli/.jdks/corretto-19.0.2/lib/libjava.so
7fc09b625000-7fc09b626000 rw-p 00025000 00:25 84085                      /home/gamrekeli/.jdks/corretto-19.0.2/lib/libjava.so
7fc09b626000-7fc09b627000 rw-p 00000000 00:00 0 
7fc09b6ff000-7fc09b800000 rw-p 00000000 00:00 0 
7fc09b800000-7fc09b80a000 r-xp 00000000 00:25 84118                      /home/gamrekeli/.jdks/corretto-19.0.2/lib/libinstrument.so
7fc09b80a000-7fc09ba09000 ---p 0000a000 00:25 84118                      /home/gamrekeli/.jdks/corretto-19.0.2/lib/libinstrument.so
7fc09ba09000-7fc09ba0a000 r--p 00009000 00:25 84118                      /home/gamrekeli/.jdks/corretto-19.0.2/lib/libinstrument.so
7fc09ba0a000-7fc09ba0b000 rw-p 0000a000 00:25 84118                      /home/gamrekeli/.jdks/corretto-19.0.2/lib/libinstrument.so
7fc09bad5000-7fc09bada000 r--p 00000000 00:25 661906                     /usr/lib64/libnss_myhostname.so.2
7fc09bada000-7fc09baee000 r-xp 00005000 00:25 661906                     /usr/lib64/libnss_myhostname.so.2
7fc09baee000-7fc09baf9000 r--p 00019000 00:25 661906                     /usr/lib64/libnss_myhostname.so.2
7fc09baf9000-7fc09bafe000 r--p 00023000 00:25 661906                     /usr/lib64/libnss_myhostname.so.2
7fc09bafe000-7fc09baff000 rw-p 00028000 00:25 661906                     /usr/lib64/libnss_myhostname.so.2
7fc09baff000-7fc09bc00000 rw-p 00000000 00:00 0 
7fc09bc00000-7fc0a3e71000 r--s 00000000 00:25 84079                      /home/gamrekeli/.jdks/corretto-19.0.2/lib/modules
7fc0a3e7e000-7fc0a54ea000 rw-p 00000000 00:00 0 
7fc0a54ea000-7fc0a8000000 ---p 00000000 00:00 0 
7fc0a8005000-7fc0a8008000 r--p 00000000 00:25 372891                     /usr/lib64/libgcc_s-13-20230728.so.1
7fc0a8008000-7fc0a8023000 r-xp 00003000 00:25 372891                     /usr/lib64/libgcc_s-13-20230728.so.1
7fc0a8023000-7fc0a8027000 r--p 0001e000 00:25 372891                     /usr/lib64/libgcc_s-13-20230728.so.1
7fc0a8027000-7fc0a8028000 r--p 00021000 00:25 372891                     /usr/lib64/libgcc_s-13-20230728.so.1
7fc0a8028000-7fc0a8400000 rw-p 00000000 00:00 0 
7fc0a8400000-7fc0a841b000 r-xp 00000000 00:25 84086                      /home/gamrekeli/.jdks/corretto-19.0.2/lib/libjimage.so
7fc0a841b000-7fc0a861a000 ---p 0001b000 00:25 84086                      /home/gamrekeli/.jdks/corretto-19.0.2/lib/libjimage.so
7fc0a861a000-7fc0a861c000 r--p 0001a000 00:25 84086                      /home/gamrekeli/.jdks/corretto-19.0.2/lib/libjimage.so
7fc0a861c000-7fc0a861d000 rw-p 0001c000 00:25 84086                      /home/gamrekeli/.jdks/corretto-19.0.2/lib/libjimage.so
7fc0a8620000-7fc0a8622000 r--p 00000000 00:25 32052                      /usr/lib64/libcap.so.2.48
7fc0a8622000-7fc0a8626000 r-xp 00002000 00:25 32052                      /usr/lib64/libcap.so.2.48
7fc0a8626000-7fc0a8628000 r--p 00006000 00:25 32052                      /usr/lib64/libcap.so.2.48
7fc0a8628000-7fc0a8629000 r--p 00007000 00:25 32052                      /usr/lib64/libcap.so.2.48
7fc0a8629000-7fc0a862a000 rw-p 00008000 00:25 32052                      /usr/lib64/libcap.so.2.48
7fc0a862a000-7fc0a862f000 rw-p 00000000 00:00 0 
7fc0a862f000-7fc0a8715000 ---p 00000000 00:00 0 
7fc0a8715000-7fc0a8728000 rw-p 00000000 00:00 0 
7fc0a8728000-7fc0a8800000 ---p 00000000 00:00 0 
7fc0a8800000-7fc0a9b7a000 r-xp 00000000 00:25 84101                      /home/gamrekeli/.jdks/corretto-19.0.2/lib/server/libjvm.so
7fc0a9b7a000-7fc0a9d79000 ---p 0137a000 00:25 84101                      /home/gamrekeli/.jdks/corretto-19.0.2/lib/server/libjvm.so
7fc0a9d79000-7fc0a9e47000 r--p 01379000 00:25 84101                      /home/gamrekeli/.jdks/corretto-19.0.2/lib/server/libjvm.so
7fc0a9e47000-7fc0a9e7d000 rw-p 01447000 00:25 84101                      /home/gamrekeli/.jdks/corretto-19.0.2/lib/server/libjvm.so
7fc0a9e7d000-7fc0a9ed9000 rw-p 00000000 00:00 0 
7fc0a9ee1000-7fc0a9f22000 rw-p 00000000 00:00 0 
7fc0a9f22000-7fc0a9f26000 ---p 00000000 00:00 0 
7fc0a9f26000-7fc0aa022000 rw-p 00000000 00:00 0 
7fc0aa022000-7fc0aa048000 r--p 00000000 00:25 661834                     /usr/lib64/libc.so.6
7fc0aa048000-7fc0aa1a5000 r-xp 00026000 00:25 661834                     /usr/lib64/libc.so.6
7fc0aa1a5000-7fc0aa1f2000 r--p 00183000 00:25 661834                     /usr/lib64/libc.so.6
7fc0aa1f2000-7fc0aa1f6000 r--p 001d0000 00:25 661834                     /usr/lib64/libc.so.6
7fc0aa1f6000-7fc0aa1f8000 rw-p 001d4000 00:25 661834                     /usr/lib64/libc.so.6
7fc0aa1f8000-7fc0aa200000 rw-p 00000000 00:00 0 
7fc0aa200000-7fc0aa219000 r-xp 00000000 00:25 84087                      /home/gamrekeli/.jdks/corretto-19.0.2/lib/libjli.so
7fc0aa219000-7fc0aa418000 ---p 00019000 00:25 84087                      /home/gamrekeli/.jdks/corretto-19.0.2/lib/libjli.so
7fc0aa418000-7fc0aa419000 r--p 00018000 00:25 84087                      /home/gamrekeli/.jdks/corretto-19.0.2/lib/libjli.so
7fc0aa419000-7fc0aa41a000 rw-p 00019000 00:25 84087                      /home/gamrekeli/.jdks/corretto-19.0.2/lib/libjli.so
7fc0aa430000-7fc0aa45e000 r--p 00000000 00:25 660999                     /usr/share/locale/ru/LC_MESSAGES/libc.mo
7fc0aa45e000-7fc0aa463000 rw-p 00000000 00:00 0 
7fc0aa463000-7fc0aa46a000 ---p 00000000 00:00 0 
7fc0aa46a000-7fc0aa47a000 r--p 00000000 00:25 661837                     /usr/lib64/libm.so.6
7fc0aa47a000-7fc0aa4ef000 r-xp 00010000 00:25 661837                     /usr/lib64/libm.so.6
7fc0aa4ef000-7fc0aa549000 r--p 00085000 00:25 661837                     /usr/lib64/libm.so.6
7fc0aa549000-7fc0aa54a000 r--p 000de000 00:25 661837                     /usr/lib64/libm.so.6
7fc0aa54a000-7fc0aa54b000 rw-p 000df000 00:25 661837                     /usr/lib64/libm.so.6
7fc0aa54b000-7fc0aa54c000 r--p 00000000 00:25 661844                     /usr/lib64/librt.so.1
7fc0aa54c000-7fc0aa54d000 r-xp 00001000 00:25 661844                     /usr/lib64/librt.so.1
7fc0aa54d000-7fc0aa54e000 r--p 00002000 00:25 661844                     /usr/lib64/librt.so.1
7fc0aa54e000-7fc0aa54f000 r--p 00002000 00:25 661844                     /usr/lib64/librt.so.1
7fc0aa54f000-7fc0aa550000 rw-p 00003000 00:25 661844                     /usr/lib64/librt.so.1
7fc0aa550000-7fc0aa552000 rw-p 00000000 00:00 0 
7fc0aa552000-7fc0aa553000 r--p 00000000 00:25 661836                     /usr/lib64/libdl.so.2
7fc0aa553000-7fc0aa554000 r-xp 00001000 00:25 661836                     /usr/lib64/libdl.so.2
7fc0aa554000-7fc0aa555000 r--p 00002000 00:25 661836                     /usr/lib64/libdl.so.2
7fc0aa555000-7fc0aa556000 r--p 00002000 00:25 661836                     /usr/lib64/libdl.so.2
7fc0aa556000-7fc0aa557000 rw-p 00003000 00:25 661836                     /usr/lib64/libdl.so.2
7fc0aa557000-7fc0aa558000 r--p 00000000 00:25 661842                     /usr/lib64/libpthread.so.0
7fc0aa558000-7fc0aa559000 r-xp 00001000 00:25 661842                     /usr/lib64/libpthread.so.0
7fc0aa559000-7fc0aa55a000 r--p 00002000 00:25 661842                     /usr/lib64/libpthread.so.0
7fc0aa55a000-7fc0aa55b000 r--p 00002000 00:25 661842                     /usr/lib64/libpthread.so.0
7fc0aa55b000-7fc0aa55c000 rw-p 00003000 00:25 661842                     /usr/lib64/libpthread.so.0
7fc0aa55e000-7fc0aa565000 r--s 00000000 00:25 700883                     /usr/lib64/gconv/gconv-modules.cache
7fc0aa565000-7fc0aa56d000 rw-s 00000000 00:2a 2533                       /tmp/hsperfdata_gamrekeli/52849
7fc0aa56d000-7fc0aa56e000 ---p 00000000 00:00 0 
7fc0aa56e000-7fc0aa56f000 r--p 00000000 00:00 0 
7fc0aa56f000-7fc0aa570000 ---p 00000000 00:00 0 
7fc0aa570000-7fc0aa572000 rw-p 00000000 00:00 0 
7fc0aa572000-7fc0aa573000 r--p 00000000 00:25 661831                     /usr/lib64/ld-linux-x86-64.so.2
7fc0aa573000-7fc0aa599000 r-xp 00001000 00:25 661831                     /usr/lib64/ld-linux-x86-64.so.2
7fc0aa599000-7fc0aa5a3000 r--p 00027000 00:25 661831                     /usr/lib64/ld-linux-x86-64.so.2
7fc0aa5a3000-7fc0aa5a5000 r--p 00030000 00:25 661831                     /usr/lib64/ld-linux-x86-64.so.2
7fc0aa5a5000-7fc0aa5a7000 rw-p 00032000 00:25 661831                     /usr/lib64/ld-linux-x86-64.so.2
7ffcb93c7000-7ffcb93eb000 rw-p 00000000 00:00 0                          [stack]
7ffcb93ef000-7ffcb93f3000 r--p 00000000 00:00 0                          [vvar]
7ffcb93f3000-7ffcb93f5000 r-xp 00000000 00:00 0                          [vdso]
ffffffffff600000-ffffffffff601000 --xp 00000000 00:00 0                  [vsyscall]


VM Arguments:
jvm_args: -javaagent:/home/gamrekeli/Загрузки/ideaIC-2023.2.1/idea-IC-232.9559.62/lib/idea_rt.jar=44779:/home/gamrekeli/Загрузки/ideaIC-2023.2.1/idea-IC-232.9559.62/bin -Dfile.encoding=UTF-8 -Dsun.stdout.encoding=UTF-8 -Dsun.stderr.encoding=UTF-8 
java_command: ru.gamrekeli.notificationservice.NotificationServiceApplication
java_class_path (initial): /home/gamrekeli/IdeaProjects/OctopusENS/notification-service/target/classes:/home/gamrekeli/.m2/repository/org/springframework/boot/spring-boot-starter-actuator/3.1.5/spring-boot-starter-actuator-3.1.5.jar:/home/gamrekeli/.m2/repository/org/springframework/boot/spring-boot-starter/3.1.5/spring-boot-starter-3.1.5.jar:/home/gamrekeli/.m2/repository/org/springframework/boot/spring-boot/3.1.5/spring-boot-3.1.5.jar:/home/gamrekeli/.m2/repository/org/springframework/boot/spring-boot-autoconfigure/3.1.5/spring-boot-autoconfigure-3.1.5.jar:/home/gamrekeli/.m2/repository/org/springframework/boot/spring-boot-starter-logging/3.1.5/spring-boot-starter-logging-3.1.5.jar:/home/gamrekeli/.m2/repository/ch/qos/logback/logback-classic/1.4.11/logback-classic-1.4.11.jar:/home/gamrekeli/.m2/repository/ch/qos/logback/logback-core/1.4.11/logback-core-1.4.11.jar:/home/gamrekeli/.m2/repository/org/apache/logging/log4j/log4j-to-slf4j/2.20.0/log4j-to-slf4j-2.20.0.jar:/home/gamrekeli/.m2/repository/org/apache/logging/log4j/log4j-api/2.20.0/log4j-api-2.20.0.jar:/home/gamrekeli/.m2/repository/org/slf4j/jul-to-slf4j/2.0.9/jul-to-slf4j-2.0.9.jar:/home/gamrekeli/.m2/repository/jakarta/annotation/jakarta.annotation-api/2.1.1/jakarta.annotation-api-2.1.1.jar:/home/gamrekeli/.m2/repository/org/yaml/snakeyaml/1.33/snakeyaml-1.33.jar:/home/gamrekeli/.m2/repository/org/springframework/boot/spring-boot-actuator-autoconfigure/3.1.5/spring-boot-actuator-autoconfigure-3.1.5.jar:/home/gamrekeli/.m2/repository/org/springframework/boot/spring-boot-actuator/3.1.5/spring-boot-actuator-3.1.5.jar:/home/gamrekeli/.m2/repository/com/fasterxml/jackson/datatype/jackson-datatype-jsr310/2.15.3/jackson-datatype-jsr310-2.15.3.jar:/home/gamrekeli/.m2/repository/io/micrometer/micrometer-observation/1.11.5/micrometer-observation-1.11.5.jar:/home/gamrekeli/.m2/repository/io/micrometer/micrometer-commons/1.11.5/micrometer-commons-1.11.5.jar:/home/gamrekeli/.m2/repository/io/micrometer/micrometer-core/1.11.5/micrometer-core-1.11.5.jar:/home/gamrekeli/.m2/repository/org/hdrhistogram/HdrHistogram/2.1.12/HdrHistogram-2.1.12.jar:/home/gamrekeli/.m2/repository/org/latencyutils/LatencyUtils/2.0.3/LatencyUtils-2.0.3.jar:/home/gamrekeli/.m2/repository/io/micrometer/micrometer-tracing-bridge-brave/1.1.6/micrometer-tracing-bridge-brave-1.1.6.jar:/home/gamrekeli/.m2/repository/io/micrometer/micrometer-tracing/1.1.6/micrometer-tracing-1.1.6.jar:/home/gamrekeli/.m2/repository/io/micrometer/context-propagation/1.0.6/context-propagation-1.0.6.jar:/home/gamrekeli/.m2/repository/aopalliance/aopalliance/1.0/aopalliance-1.0.jar:/home/gamrekeli/.m2/repository/org/slf4j/slf4j-api/2.0.9/slf4j-api-2.0.9.jar:/home/gamrekeli/.m2/repository/io/zipkin/brave/brave/5.15.1/brave-5.15.1.jar:/home/gamrekeli/.m2/repository/io/zipkin/brave/brave-context-slf4j/5.15.1/brave-context-slf4j-5.15.1.jar:/home/gamrekeli/.m2/repository/io/zipkin/brave/brave-instrumentation-http/5.15.1/brave-instrumentation-http-5.15.1.jar:/home/gamrekeli/.m2/repository/io/zipkin/aws/brave-propagation-aws/0.23.5/brave-propagation-aws-0.23.5.jar:/home/gamrekeli/.m2/repository/io/zipkin/reporter2/zipkin-reporter-brave/2.16.3/zipkin-reporter-brave-2.16.3.jar:/home/gamrekeli/.m2/repository/io/zipkin/reporter2/zipkin-reporter/2.16.3/zipkin-reporter-2.16.3.jar:/home/gamrekeli/.m2/repository/io/zipkin/zipkin2/zipkin/2.23.2/zipkin-2.23.2.jar:/home/gamrekeli/.m2/repository/org/springframework/cloud/spring-cloud-starter-config/4.0.4/spring-cloud-starter-config-4.0.4.jar:/home/gamrekeli/.m2/repository/org/springframework/cloud/spring-cloud-starter/4.0.4/spring-cloud-starter-4.0.4.jar:/home/gamrekeli/.m2/repository/org/springframework/cloud/spring-cloud-context/4.0.4/spring-cloud-context-4.0.4.jar:/home/gamrekeli/.m2/repository/org/springframework/security/spring-security-crypto/6.1.5/spring-security-crypto-6.1.5.jar:/home/gamrekeli/.m2/repository/org/springframework/cloud/spring-cloud-commons/4.0.4/spring-cloud-commons-4.0.4.jar:/home/gamrekeli/.m2/repository/org/springframework/security/spring-security-rsa/1.0.12.RELEASE/spring-security-rsa-1.0.12.RELEASE.jar:/home/gamrekeli/.m2/repository/org/bouncycastle/bcpkix-jdk18on/1.73/bcpkix-jdk18on-1.73.jar:/home/gamrekeli/.m2/repository/org/bouncycastle/bcprov-jdk18on/1.73/bcprov-jdk18on-1.73.jar:/home/gamrekeli/.m2/repository/org/bouncycastle/bcutil-jdk18on/1.73/bcutil-jdk18on-1.73.jar:/home/gamrekeli/.m2/repository/org/springframework/cloud/spring-cloud-config-client/4.0.4/spring-cloud-config-client-4.0.4.jar:/home/gamrekeli/.m2/repository/com/fasterxml/jackson/core/jackson-annotations/2.15.3/jackson-annotations-2.15.3.jar:/home/gamrekeli/.m2/repository/org/apache/httpcomponents/client5/httpclient5/5.2.1/httpclient5-5.2.1.jar:/home/gamrekeli/.m2/repository/org/apache/httpcomponents/core5/httpcore5/5.2.3/httpcore5-5.2.3.jar:/home/gamrekeli/.m2/repository/org/apache/httpcomponents/core5/httpcore5-h2/5.2.3/httpcore5-h2-5.2.3.jar:/home/gamrekeli/.m2/repository/com/fasterxml/jackson/core/jackson-databind/2.15.3/jackson-databind-2.15.3.jar:/home/gamrekeli/.m2/repository/com/fasterxml/jackson/core/jackson-core/2.15.3/jackson-core-2.15.3.jar:/home/gamrekeli/.m2/repository/org/springframework/cloud/spring-cloud-starter-netflix-eureka-client/4.0.3/spring-cloud-starter-netflix-eureka-client-4.0.3.jar:/home/gamrekeli/.m2/repository/org/springframework/cloud/spring-cloud-netflix-eureka-client/4.0.3/spring-cloud-netflix-eureka-client-4.0.3.jar:/home/gamrekeli/.m2/repository/com/netflix/eureka/eureka-client/2.0.1/eureka-client-2.0.1.jar:/home/gamrekeli/.m2/repository/com/netflix/netflix-commons/netflix-eventbus/0.3.0/netflix-eventbus-0.3.0.jar:/home/gamrekeli/.m2/repository/com/netflix/netflix-commons/netflix-infix/0.3.0/netflix-infix-0.3.0.jar:/home/gamrekeli/.m2/repository/commons-jxpath/commons-jxpath/1.3/commons-jxpath-1.3.jar:/home/gamrekeli/.m2/repository/joda-time/joda-time/2.3/joda-time-2.3.jar:/home/gamrekeli/.m2/repository/org/antlr/antlr-runtime/3.4/antlr-runtime-3.4.jar:/home/gamrekeli/.m2/repository/org/antlr/stringtemplate/3.2.1/stringtemplate-3.2.1.jar:/home/gamrekeli/.m2/repository/antlr/antlr/2.7.7/antlr-2.7.7.jar:/home/gamrekeli/.m2/repository/com/google/code/gson/gson/2.10.1/gson-2.10.1.jar:/home/gamrekeli/.m2/repository/org/apache/commons/commons-math/2.2/commons-math-2.2.jar:/home/gamrekeli/.m2/repository/com/thoughtworks/xstream/xstream/1.4.19/xstream-1.4.19.jar:/home/gamrekeli/.m2/repository/io/github/x-stream/mxparser/1.2.2/mxparser-1.2.2.jar:/home/gamrekeli/.m2/repository/xmlpull/xmlpull/1.1.3.1/xmlpull-1.1.3.1.jar:/home/gamrekeli/.m2/repository/jakarta/ws/rs/jakarta.ws.rs-api/3.1.0/jakarta.ws.rs-api-3.1.0.jar:/home/gamrekeli/.m2/repository/jakarta/inject/jakarta.inject-api/2.0.1/jakarta.inject-api-2.0.1.jar:/home/gamrekeli/.m2/repository/com/netflix/servo/servo-core/0.12.21/servo-core-0.12.21.jar:/home/gamrekeli/.m2/repository/com/google/guava/guava/19.0/guava-19.0.jar:/home/gamrekeli/.m2/repository/org/apache/httpcomponents/httpclient/4.5.3/httpclient-4.5.3.jar:/home/gamrekeli/.m2/repository/org/apache/httpcomponents/httpcore/4.4.16/httpcore-4.4.16.jar:/home/gamrekeli/.m2/repository/commons-codec/commons-codec/1.15/commons-codec-1.15.jar:/home/gamrekeli/.m2/repository/commons-configuration/commons-configuration/1.10/commons-configuration-1.10.jar:/home/gamrekeli/.m2/repository/commons-lang/commons-lang/2.6/commons-lang-2.6.jar:/home/gamrekeli/.m2/repository/org/codehaus/jettison/jettison/1.4.0/jettison-1.4.0.jar:/home/gamrekeli/.m2/repository/com/netflix/eureka/eureka-core/2.0.1/eureka-core-2.0.1.jar:/home/gamrekeli/.m2/repository/jakarta/servlet/jakarta.servlet-api/6.0.0/jakarta.servlet-api-6.0.0.jar:/home/gamrekeli/.m2/repository/com/fasterxml/woodstox/woodstox-core/6.2.1/woodstox-core-6.2.1.jar:/home/gamrekeli/.m2/repository/org/codehaus/woodstox/stax2-api/4.2.1/stax2-api-4.2.1.jar:/home/gamrekeli/.m2/repository/org/springframework/cloud/spring-cloud-starter-loadbalancer/4.0.4/spring-cloud-starter-loadbalancer-4.0.4.jar:/home/gamrekeli/.m2/repository/org/springframework/cloud/spring-cloud-loadbalancer/4.0.4/spring-cloud-loadbalancer-4.0.4.jar:/home/gamrekeli/.m2/repository/io/projectreactor/reactor-core/3.5.11/reactor-core-3.5.11.jar:/home/gamrekeli/.m2/repository/org/reactivestreams/reactive-streams/1.0.4/reactive-streams-1.0.4.jar:/home/gamrekeli/.m2/repository/io/projectreactor/addons/reactor-extra/3.5.1/reactor-extra-3.5.1.jar:/home/gamrekeli/.m2/repository/org/springframework/boot/spring-boot-starter-cache/3.1.5/spring-boot-starter-cache-3.1.5.jar:/home/gamrekeli/.m2/repository/org/springframework/spring-context-support/6.0.13/spring-context-support-6.0.13.jar:/home/gamrekeli/.m2/repository/com/stoyanr/evictor/1.0.0/evictor-1.0.0.jar:/home/gamrekeli/.m2/repository/org/springframework/kafka/spring-kafka/3.0.12/spring-kafka-3.0.12.jar:/home/gamrekeli/.m2/repository/org/springframework/spring-context/6.0.13/spring-context-6.0.13.jar:/home/gamrekeli/.m2/repository/org/springframework/spring-aop/6.0.13/spring-aop-6.0.13.jar:/home/gamrekeli/.m2/repository/org/springframework/spring-beans/6.0.13/spring-beans-6.0.13.jar:/home/gamrekeli/.m2/repository/org/springframework/spring-expression/6.0.13/spring-expression-6.0.13.jar:/home/gamrekeli/.m2/repository/org/springframework/spring-messaging/6.0.13/spring-messaging-6.0.13.jar:/home/gamrekeli/.m2/repository/org/springframework/spring-tx/6.0.13/spring-tx-6.0.13.jar:/home/gamrekeli/.m2/repository/org/springframework/retry/spring-retry/2.0.4/spring-retry-2.0.4.jar:/home/gamrekeli/.m2/repository/org/apache/kafka/kafka-clients/3.4.1/kafka-clients-3.4.1.jar:/home/gamrekeli/.m2/repository/com/github/luben/zstd-jni/1.5.2-1/zstd-jni-1.5.2-1.jar:/home/gamrekeli/.m2/repository/org/lz4/lz4-java/1.8.0/lz4-java-1.8.0.jar:/home/gamrekeli/.m2/repository/org/xerial/snappy/snappy-java/1.1.8.4/snappy-java-1.1.8.4.jar:/home/gamrekeli/.m2/repository/com/google/code/findbugs/jsr305/3.0.2/jsr305-3.0.2.jar:/home/gamrekeli/.m2/repository/org/springframework/boot/spring-boot-starter-web/3.1.5/spring-boot-starter-web-3.1.5.jar:/home/gamrekeli/.m2/repository/org/springframework/boot/spring-boot-starter-json/3.1.5/spring-boot-starter-json-3.1.5.jar:/home/gamrekeli/.m2/repository/com/fasterxml/jackson/datatype/jackson-datatype-jdk8/2.15.3/jackson-datatype-jdk8-2.15.3.jar:/home/gamrekeli/.m2/repository/com/fasterxml/jackson/module/jackson-module-parameter-names/2.15.3/jackson-module-parameter-names-2.15.3.jar:/home/gamrekeli/.m2/repository/org/springframework/boot/spring-boot-starter-tomcat/3.1.5/spring-boot-starter-tomcat-3.1.5.jar:/home/gamrekeli/.m2/repository/org/apache/tomcat/embed/tomcat-embed-core/10.1.15/tomcat-embed-core-10.1.15.jar:/home/gamrekeli/.m2/repository/org/apache/tomcat/embed/tomcat-embed-el/10.1.15/tomcat-embed-el-10.1.15.jar:/home/gamrekeli/.m2/repository/org/apache/tomcat/embed/tomcat-embed-websocket/10.1.15/tomcat-embed-websocket-10.1.15.jar:/home/gamrekeli/.m2/repository/org/springframework/spring-web/6.0.13/spring-web-6.0.13.jar:/home/gamrekeli/.m2/repository/org/springframework/spring-webmvc/6.0.13/spring-webmvc-6.0.13.jar:/home/gamrekeli/.m2/repository/org/projectlombok/lombok/1.18.30/lombok-1.18.30.jar:/home/gamrekeli/.m2/repository/org/springframework/spring-core/6.0.13/spring-core-6.0.13.jar:/home/gamrekeli/.m2/repository/org/springframework/spring-jcl/6.0.13/spring-jcl-6.0.13.jar:/home/gamrekeli/.m2/repository/org/modelmapper/modelmapper/3.2.0/modelmapper-3.2.0.jar
Launcher Type: SUN_STANDARD

[Global flags]
     intx CICompilerCount                          = 4                                         {product} {ergonomic}
     uint ConcGCThreads                            = 2                                         {product} {ergonomic}
     uint G1ConcRefinementThreads                  = 8                                         {product} {ergonomic}
   size_t G1HeapRegionSize                         = 2097152                                   {product} {ergonomic}
    uintx GCDrainStackTargetSize                   = 64                                        {product} {ergonomic}
   size_t InitialHeapSize                          = 245366784                                 {product} {ergonomic}
   size_t MarkStackSize                            = 4194304                                   {product} {ergonomic}
   size_t MaxHeapSize                              = 3906994176                                {product} {ergonomic}
   size_t MaxNewSize                               = 2342518784                                {product} {ergonomic}
   size_t MinHeapDeltaBytes                        = 2097152                                   {product} {ergonomic}
   size_t MinHeapSize                              = 8388608                                   {product} {ergonomic}
    uintx NonNMethodCodeHeapSize                   = 5839372                                {pd product} {ergonomic}
    uintx NonProfiledCodeHeapSize                  = 122909434                              {pd product} {ergonomic}
    uintx ProfiledCodeHeapSize                     = 122909434                              {pd product} {ergonomic}
    uintx ReservedCodeCacheSize                    = 251658240                              {pd product} {ergonomic}
     bool SegmentedCodeCache                       = true                                      {product} {ergonomic}
   size_t SoftMaxHeapSize                          = 3906994176                             {manageable} {ergonomic}
     bool UseCompressedClassPointers               = true                           {product lp64_product} {ergonomic}
     bool UseCompressedOops                        = true                           {product lp64_product} {ergonomic}
     bool UseG1GC                                  = true                                      {product} {ergonomic}

Logging:
Log output configuration:
 #0: stdout all=warning uptime,level,tags foldmultilines=false
 #1: stderr all=off uptime,level,tags foldmultilines=false

Environment Variables:
PATH=/home/gamrekeli/.local/bin:/home/gamrekeli/bin:/usr/local/bin:/usr/local/sbin:/usr/bin:/usr/sbin:/var/lib/snapd/snap/bin
USERNAME=gamrekeli
SHELL=/bin/bash
DISPLAY=:0
LANG=ru_RU.UTF-8
TERM=xterm-256color

Active Locale:
LC_ALL=ru_RU.UTF-8
LC_COLLATE=ru_RU.UTF-8
LC_CTYPE=ru_RU.UTF-8
LC_MESSAGES=ru_RU.UTF-8
LC_MONETARY=ru_RU.UTF-8
LC_NUMERIC=ru_RU.UTF-8
LC_TIME=ru_RU.UTF-8

Signal Handlers:
   SIGSEGV: crash_handler in libjvm.so, mask=11100100010111111101111111111110, flags=SA_RESTART|SA_SIGINFO
    SIGBUS: crash_handler in libjvm.so, mask=11100100010111111101111111111110, flags=SA_RESTART|SA_SIGINFO
    SIGFPE: crash_handler in libjvm.so, mask=11100100010111111101111111111110, flags=SA_RESTART|SA_SIGINFO
   SIGPIPE: javaSignalHandler in libjvm.so, mask=11100100010111111101111111111110, flags=SA_RESTART|SA_SIGINFO
   SIGXFSZ: javaSignalHandler in libjvm.so, mask=11100100010111111101111111111110, flags=SA_RESTART|SA_SIGINFO
    SIGILL: crash_handler in libjvm.so, mask=11100100010111111101111111111110, flags=SA_RESTART|SA_SIGINFO
   SIGUSR2: SR_handler in libjvm.so, mask=00100000000000000000000000000000, flags=SA_RESTART|SA_SIGINFO
    SIGHUP: UserHandler in libjvm.so, mask=11100100010111111101111111111110, flags=SA_RESTART|SA_SIGINFO
    SIGINT: UserHandler in libjvm.so, mask=11100100010111111101111111111110, flags=SA_RESTART|SA_SIGINFO
   SIGTERM: UserHandler in libjvm.so, mask=11100100010111111101111111111110, flags=SA_RESTART|SA_SIGINFO
   SIGQUIT: UserHandler in libjvm.so, mask=11100100010111111101111111111110, flags=SA_RESTART|SA_SIGINFO
   SIGTRAP: crash_handler in libjvm.so, mask=11100100010111111101111111111110, flags=SA_RESTART|SA_SIGINFO


---------------  S Y S T E M  ---------------

OS:
Fedora release 38 (Thirty Eight)
uname: Linux 6.5.5-200.fc38.x86_64 #1 SMP PREEMPT_DYNAMIC Sun Sep 24 15:52:44 UTC 2023 x86_64
OS uptime: 0 days 3:02 hours
libc: glibc 2.37 NPTL 2.37 
rlimit (soft/hard): STACK 8192k/infinity , CORE infinity/infinity , NPROC 59373/59373 , NOFILE 524288/524288 , AS infinity/infinity , CPU infinity/infinity , DATA infinity/infinity , FSIZE infinity/infinity , MEMLOCK 8192k/8192k
load average: 1,22 1,01 1,07

/proc/meminfo:
MemTotal:       15260804 kB
MemFree:          370592 kB
MemAvailable:    5458736 kB
Buffers:            2124 kB
Cached:          5427200 kB
SwapCached:         1992 kB
Active:          6630132 kB
Inactive:        6439644 kB
Active(anon):    5272700 kB
Inactive(anon):  2532224 kB
Active(file):    1357432 kB
Inactive(file):  3907420 kB
Unevictable:        5944 kB
Mlocked:            5944 kB
SwapTotal:       8388604 kB
SwapFree:        7295228 kB
Zswap:                 0 kB
Zswapped:              0 kB
Dirty:               548 kB
Writeback:             0 kB
AnonPages:       7644304 kB
Mapped:          1293668 kB
Shmem:            176264 kB
KReclaimable:     146284 kB
Slab:             381036 kB
SReclaimable:     146284 kB
SUnreclaim:       234752 kB
KernelStack:       36720 kB
PageTables:        81676 kB
SecPageTables:         0 kB
NFS_Unstable:          0 kB
Bounce:                0 kB
WritebackTmp:          0 kB
CommitLimit:    16019004 kB
Committed_AS:   25078956 kB
VmallocTotal:   34359738367 kB
VmallocUsed:      126020 kB
VmallocChunk:          0 kB
Percpu:            16768 kB
HardwareCorrupted:     0 kB
AnonHugePages:         0 kB
ShmemHugePages:        0 kB
ShmemPmdMapped:        0 kB
FileHugePages:         0 kB
FilePmdMapped:         0 kB
CmaTotal:              0 kB
CmaFree:               0 kB
Unaccepted:            0 kB
HugePages_Total:       0
HugePages_Free:        0
HugePages_Rsvd:        0
HugePages_Surp:        0
Hugepagesize:       2048 kB
Hugetlb:               0 kB
DirectMap4k:     2012756 kB
DirectMap2M:    12601344 kB
DirectMap1G:     2097152 kB

/sys/kernel/mm/transparent_hugepage/enabled: always [madvise] never
/sys/kernel/mm/transparent_hugepage/defrag (defrag/compaction efforts parameter): always defer defer+madvise [madvise] never

Process Memory:
Virtual Size: 7726728K (peak: 7726728K)
Resident Set Size: 224744K (peak: 224744K) (anon: 194152K, file: 30592K, shmem: 0K)
Swapped out: 0K
C-Heap outstanding allocations: 79712K, retained: 11071K
glibc malloc tunables: (default)

/proc/sys/kernel/threads-max (system-wide limit on the number of threads): 118746
/proc/sys/vm/max_map_count (maximum number of memory map areas a process may have): 65530
/proc/sys/kernel/pid_max (system-wide limit on number of process identifiers): 4194304

container (cgroup) information:
container_type: cgroupv2
cpu_cpuset_cpus: not supported
cpu_memory_nodes: not supported
active_processor_count: 8
cpu_quota: no quota
cpu_period: 100000
cpu_shares: 8192
memory_limit_in_bytes: unlimited
memory_and_swap_limit_in_bytes: unlimited
memory_soft_limit_in_bytes: unlimited
memory_usage_in_bytes: 4561888 k
memory_max_usage_in_bytes: not supported
maximum number of tasks: 17811
current number of tasks: 327

Steal ticks since vm start: 0
Steal ticks percentage since vm start:  0,000

CPU: total 16 (initial active 8) (8 cores per cpu, 2 threads per core) family 23 model 24 stepping 1 microcode 0x8108109, cx8, cmov, fxsr, ht, mmx, 3dnowpref, sse, sse2, sse3, ssse3, sse4a, sse4.1, sse4.2, popcnt, lzcnt, tsc, tscinvbit, avx, avx2, aes, clmul, bmi1, bmi2, adx, sha, fma, vzeroupper, clflush, clflushopt, rdtscp
CPU Model and flags from /proc/cpuinfo:
model name	: AMD Ryzen 5 3500U with Radeon Vega Mobile Gfx
flags		: fpu vme de pse tsc msr pae mce cx8 apic sep mtrr pge mca cmov pat pse36 clflush mmx fxsr sse sse2 ht syscall nx mmxext fxsr_opt pdpe1gb rdtscp lm constant_tsc rep_good nopl nonstop_tsc cpuid extd_apicid aperfmperf rapl pni pclmulqdq monitor ssse3 fma cx16 sse4_1 sse4_2 movbe popcnt aes xsave avx f16c rdrand lahf_lm cmp_legacy svm extapic cr8_legacy abm sse4a misalignsse 3dnowprefetch osvw skinit wdt tce topoext perfctr_core perfctr_nb bpext perfctr_llc mwaitx cpb hw_pstate ssbd ibpb vmmcall fsgsbase bmi1 avx2 smep bmi2 rdseed adx smap clflushopt sha_ni xsaveopt xsavec xgetbv1 clzero irperf xsaveerptr arat npt lbrv svm_lock nrip_save tsc_scale vmcb_clean flushbyasid decodeassists pausefilter pfthreshold avic v_vmsave_vmload vgif overflow_recov succor smca sev sev_es

Online cpus: 0-7
Offline cpus: 8-15
BIOS frequency limitation: 2100000
Frequency switch latency (ns): 0
Available cpu frequencies: 2100000 1700000 1400000 
Current governor: schedutil
Core performance/turbo boost: 1

Memory: 4k page, physical 15260804k(370592k free), swap 8388604k(7295228k free)
Page Sizes: 4k

vm_info: OpenJDK 64-Bit Server VM (19.0.2+7-FR) for linux-amd64 JRE (19.0.2+7-FR), built on Jan 13 2023 18:57:00 by "jenkins" with gcc 7.3.1 20180303 (Red Hat 7.3.1-5)

END.
